node   1  (   0,    0) (   7,    3) (   8,    5) (   6,    4) (   4,    2) (   4,    6) (   4,    5) (   4,    4) (   4,    1) (   4,    5)
          (   4,    1) (   4,    3) (   4,    3) (   4,    2) (   4,    4) (   4,    3) (   4,    4) (   4,    2) (   4,    2) (   4,    1)
          (   4,    2) (   4,    4) (   4,    4) (   4,    2) (   4,    1) (   4,    1) (   4,    6) (   4,    4) (   4,    6) (   4,    3)
          (   4,    6) (   4,    6) (   4,    7) (   4,    1) (   4,    0) (   4,    4) (   4,    1) (   4,    1) (   4,    2) (   4,    4)
          (   4,    4) (   4,    1) (   4,    5) (   4,    5) (   4,    6) (   4,    6) (   4,    5) (   4,    5) (   4,    5) (   4,    8)
          (   4,    5) (   4,    8) (   4,    3) (   4,    3) (   4,    5) (   4,    6) (   4,    3) (   4,    1) (   4,    2) (   4,    5)
          (   4,    7) (   4,    9) (   4,    5) (   4,    5) (   4,    1) (   4,    4) (   4,    6) (   4,    4) (   4,    2) (   4,    4)
          (   4,    6) (   4,    4) (   4,    3) (   4,    5) (   4,    3) (   4,    0) (   4,    3) (   4,    4) (   4,    2) (   4,    5)
          (   4,    5) (   4,    3) (   4,    0) (   4,    1) (   4,    3) (   4,    3) (   4,    3) (   4,    6) (   4,    6) (   4,    0)
          (   4,    4) (   4,    4) (   4,    2) (   4,    3) (   4,    4) (   4,    1) (   4,    1) (   4,    3) (   4,    7) (   4,    3)
          (   4,    4) (   4,    4) (   4,    5) (   4,    3) (   4,    7) (   4,    3) (   4,    4) (   4,    6) (   4,    3) (   4,    5)
          (   4,    7) (   4,    7) (   4,    4) (   4,    4) (   4,    5) (   4,    3) (   4,    5) (   4,    4) (   4,    5) (   4,    6)
          (   4,    6) (   4,    2) (   4,    2) (   4,    2) (   4,    4) (   4,    4) (   4,    2) (   4,    3) (   4,    3) (   4,    6)
          (   4,    3) (   4,    5) (   4,    3) (   4,    3) (   4,    4) (   4,    4) (   4,    4) (   4,    9) (   4,    7) (   4,    4)
          (   4,    2) (   4,    4) (   4,    4) (   4,    5) (   4,    2) (   4,    5) (   4,    1) (   4,    6) (   4,    4) (   4,    5)
          (   4,    1) (   4,    4) (   4,    5) (   4,    1) (   4,    5) (   4,    2) (   4,    1) (   4,    5) (   4,    1) (   4,    2)
          (   4,    3) (   4,    4) (   4,    4) (   4,    1) (   4,    3) (   4,    3) (   4,    5) (   4,    4) (   4,    6) (   4,    3)
          (   4,    4) (   4,    3) (   4,    2) (   4,    0) (   4,    6) (   4,    4) (   4,    4) (   4,    5) (   4,    3) (   4,    2)
          (   4,    2) (   4,    3) (   4,    3) (   4,    4) (   4,    2) (   4,    2) (   4,    4) (   4,    6) (   4,    6) (   4,    2)
          (   4,    3) (   4,    4) (   4,    4) (   4,    5) (   4,    5) (   4,    4) (   4,    4) (   4,    4) (   4,    3) (   4,    6)
          (   4,    4) (   4,    2) (   4,    6) (   4,    5) (   4,    2) (   4,    6) (   4,    2) (   4,    6) (   4,    3) (   4,    5)
          (   4,    3) (   4,    4) (   4,    4) (   4,    5) (   4,    1) (   4,    3) (   4,    3) (   4,    3) (   4,    2) (   4,    3)
          (   4,    5) (   4,    5) (   4,    0) (   4,    2) (   4,    4) (   4,    4) (   4,    1) (   4,    6) (   4,    2) (   4,    3)
          (   4,    5) (   4,    3) (   4,    3) (   4,    3) (   4,    2) (   4,    4) (   4,    5) (   4,    5) (   4,    3) (   4,    8)
          (   4,    3) (   4,    4) (   4,    2) (   4,    4) (   4,    2) (   4,    4) (   4,    4) (   4,    4) (   4,    4) (   4,    2)
          (   4,    4) (   4,    7) (   4,    8) (   4,    6) (   4,    4) (   4,    4) (   4,    3) (   4,    5) (   4,    3) (   4,    7)
          (   4,    3) (   4,    4) (   4,    5) (   4,    4) (   4,    4) (   4,    4) (   4,    5) (   4,    4) (   4,    3) (   4,    3)
          (   4,    5) (   4,    3) (   4,    5) (   4,    4) (   4,    6) (   4,    5) (   4,    3) (   4,    2) (   4,    4) (   4,    7)
          (   4,    2) (   4,    5) (   4,    3) (   4,    6) (   4,    4) (   4,    4) (   4,    6) (   4,    7) (   4,    3) (   4,    3)
          (   4,    3) (   4,    5) (   4,    2) (   4,    2) (   4,    2) (   4,    8) (   4,    5) (   4,    2) (   4,    2) (   4,    4)
          (   4,    2) (   4,    5) (   4,    4) (   4,    6) (   4,    2) (   4,    2) (   4,    3) (   4,    1) (   4,    4) (   4,    5)
          (   4,    4) (   4,    2) (   4,    6) (   4,    6) (   4,    2) (   4,    5) (   4,    6) (   4,    3) (   4,    5) (   4,    2)
          (   4,    2) (   4,    6) (   4,    5) (   4,    5) (   4,    3) (   4,    4) (   4,    5) (   4,    5) (   4,    6) (   4,    3)
          (   4,    6) (   4,    2) (   4,    4) (   4,    2) (   4,    2) (   4,   10) (   4,    3) (   4,    4) (   4,    5) (   4,    2)
          (   4,    4) (   4,    4) (   4,    4) (   4,    6) (   4,    2) (   4,    4) (   4,    5) (   4,    4) (   4,    7) (   4,    4)
          (   4,    6) (   4,    5) (   4,    5) (   4,    5) (   4,    2) (   4,    2) (   4,    2) (   4,    6) (   4,    4) (   4,    7)
          (   4,    6) (   4,    2) (   4,    5) (   4,    2) (   4,    2) (   4,    4) (   4,    5) (   4,    4) (   4,    2) (   4,    5)
          (   4,    4) (   4,    5) (   4,    4) (   4,    4) (   4,    1) (   4,    6) (   4,    5) (   4,    2) (   4,    2) (   4,    7)
          (   4,    1) (   4,    3) (   4,    3) (   4,    6) (   4,    8) (   4,    1) (   4,    3) (   4,    0) (   4,    4) (   4,    3)
          (   4,    1) (   4,    5) (   4,    4) (   4,    9) (   4,    6) (   4,    7) (   4,    3) (   4,    3) (   4,    3) (   4,    7)
          (   4,    2) (   4,    4) (   4,    5) (   4,    2) (   4,    5) (   4,    6) (   4,    5) (   4,    4) (   4,    2) (   4,    2)
          (   4,    3) (   4,    1) (   4,    7) (   4,    7) (   4,    3) (   4,    6) (   4,    3) (   4,    3) (   4,    4) (   4,    5)
          (   4,    1) (   4,    5) (   4,    6) (   4,    1) (   4,    2) (   4,    5) (   4,    4) (   4,    3) (   4,    3) (   4,    5)
          (   4,    2) (   4,    4) (   4,    2) (   4,    6) (   4,    6) (   4,    3) (   4,    3) (   4,    4) (   4,    4) (   4,    5)
          (   4,    5) (   4,    6) (   4,    7) (   4,    5) (   4,    3) (   4,    6) (   4,    4) (   4,    4) (   4,    4) (   4,    1)
          (   4,    5) (   4,    4) (   4,    3) (   4,    4) (   4,    5) (   4,    3) (   4,    3) (   4,    4) (   4,    3) (   4,    3)
          (   4,    6) (   4,    4) (   4,    5) (   4,    4) (   4,    5) (   4,    3) (   4,    6) (   4,    3) (   4,    2) (   4,    4)
          (   4,    4) (   4,    4) (   4,    3) (   4,    7) (   4,    7) (   4,    2) (   4,    4) (   4,    6) (   4,    4) (   4,    5)
          (   4,    6) (   4,    3) (   4,    3) (   4,    3) (   4,    1) (   4,    4) (   4,    4) (   4,    3) (   4,    2) (   4,    4)
          (   4,    2) (   4,    4) (   4,    3) (   4,    4) (   4,    3) (   4,    4) (   4,    3) (   4,    4) (   4,    4) (   4,    5)
          (   4,    4) (   4,    4) (   4,    3) (   4,    7) (   4,    4) (   4,    3) (   4,    2) (   4,    3) (   4,    2) (   4,    4)
          (   4,    5) (   4,    7) (   4,    2) (   4,    2) (   4,    4) (   4,    8) (   4,    2) (   4,    5) (   4,    3) (   4,    0)
          (   4,    1) (   4,    1) (   4,    5) (   4,    4) (   4,    4) (   4,    2) (   4,    5) (   4,    1) (   4,    3) (   4,    5)
          (   4,    2) (   4,    5) (   4,    5) (   4,    3) (   4,    5) (   4,    1) (   4,    8) (   4,    3) (   4,    3) (   4,    2)
          (   4,    8) (   4,    5) (   4,    6) (   4,    1) (   4,    3) (   4,    2) (   4,    2) (   4,    5) (   4,    4) (   4,    4)
          (   4,    5) (   4,    6) (   4,    3) (   4,    3) (   4,    1) (   4,    5) (   4,    5) (   4,    5) (   4,    4) (   4,    6)
          (   4,    6) (   4,    9) (   4,    8) (   4,    3) (   4,    6) (   4,    1) (   4,    5) (   4,    5) (   4,    8) (   4,    5)
          (   4,    6) (   4,    3) (   4,    7) (   4,    3) (   4,    2) (   4,    4) (   4,    4) (   4,    5) (   4,    7) (   4,    8)
          (   4,    9) (   4,    2) (   4,    4) (   4,    3) (   4,    2) (   4,    4) (   4,    5) (   4,    3) (   4,    3) (   4,    7)
          (   4,    4) (   4,    5) (   4,    7) (   4,    4) (   4,    6) (   4,    3) (   4,    2) (   4,    8) (   4,    3) (   4,    7)
          (   4,    3) (   4,    0) (   4,    4) (   4,    2) (   4,    2) (   4,    2) (   4,    4) (   4,    5) (   4,    4) (   4,    7)
          (   4,    2) (   4,    2) (   4,    3) (   4,    4) (   4,    2) (   4,    5) (   4,    4) (   4,    6) (   4,    3) (   4,    6)
          (   4,    4) (   4,    3) (   4,    8) (   4,    3) (   4,    6) (   4,    7) (   4,    3) (   4,    5) (   4,    2) (   4,    1)
          (   4,    3) (   4,    5) (   4,    1) (   4,    2) (   4,    4) (   4,    4) (   4,    7) (   4,    4) (   4,    3) (   4,    6)
          (   4,    1) (   4,    5) (   4,    3) (   4,    5) (   4,    3) (   4,    3) (   4,    0) (   4,    4) (   4,    1) (   4,    4)
          (   4,    6) (   4,    3) (   4,    0) (   4,    6) (   4,    5) (   4,    5) (   4,    6) (   4,    3) (   4,    6) (   4,    5)
          (   4,    5) (   4,    9) (   4,    6) (   4,    1) (   4,    5) (   4,    6) (   4,    3) (   4,    3) (   4,    4) (   4,    4)
          (   4,    4) (   4,    9) (   4,    6) (   4,    4) (   4,    4) (   4,    1) (   4,    4) (   4,    1) (   4,    1) (   4,    6)
          (   4,    4) (   4,    4) (   4,    4) (   4,    0) (   4,    3) (   4,    4) (   4,    8) (   4,    5) (   4,    6) (   4,    3)
          (   4,    5) (   4,    4) (   4,    3) (   4,    5) (   4,    6) (   4,    5) (   4,    4) (   4,    4) (   4,    3) (   4,    5)
         
node   1 sent_total   2805  recv_total   2747

node   2  (   1,    0) (   0,    0) (   4,    3) (   4,    1) (   4,    5) (   4,    3) (   4,    3) (   4,    1) (   4,    6) (   4,    3)
          (   4,    6) (   4,    4) (   4,    5) (   4,    5) (   4,    4) (   4,    4) (   4,    7) (   4,    5) (   4,    3) (   4,    3)
          (   4,    3) (   4,    3) (   4,    6) (   4,    7) (   4,    5) (   4,    3) (   4,    3) (   4,    4) (   4,    6) (   4,    4)
          (   4,    3) (   4,    5) (   4,    1) (   4,    4) (   4,    7) (   4,    4) (   4,    4) (   4,    6) (   4,    4) (   4,    5)
          (   4,    4) (   4,    6) (   4,    5) (   4,    4) (   4,    3) (   4,    3) (   4,    3) (   4,    5) (   4,    2) (   4,    5)
          (   4,    5) (   4,    6) (   4,    2) (   4,    3) (   4,    3) (   4,    3) (   4,    5) (   4,    5) (   4,    4) (   4,    5)
          (   4,    4) (   4,    2) (   4,    1) (   4,    5) (   4,    5) (   4,    5) (   4,    2) (   4,    3) (   4,    4) (   4,    4)
          (   4,    4) (   4,    2) (   4,    1) (   4,    5) (   4,    2) (   4,    3) (   4,    5) (   4,    3) (   4,    5) (   4,    3)
          (   4,    4) (   4,    6) (   4,    5) (   4,    5) (   4,    3) (   4,    3) (   4,    4) (   4,    2) (   4,    2) (   4,    3)
          (   4,    6) (   4,    6) (   4,    4) (   4,    3) (   4,    5) (   4,    5) (   4,    5) (   4,    4) (   4,    4) (   4,    5)
          (   4,    5) (   4,    3) (   4,    4) (   4,    8) (   4,    1) (   4,    3) (   4,    5) (   4,    5) (   4,    6) (   4,    5)
          (   4,    3) (   4,   11) (   4,    4) (   4,    3) (   4,    2) (   4,    7) (   4,    3) (   4,    4) (   4,    2) (   4,    3)
          (   4,    5) (   4,    2) (   4,    7) (   4,    5) (   4,    3) (   4,    2) (   4,    4) (   4,    5) (   4,    1) (   4,    4)
          (   4,    4) (   4,    2) (   4,    6) (   4,    2) (   4,    4) (   4,    4) (   4,    2) (   4,    1) (   4,    2) (   4,    7)
          (   4,    5) (   4,    6) (   4,    3) (   4,    3) (   4,    3) (   4,    7) (   4,    4) (   4,    1) (   4,    3) (   4,    1)
          (   4,    4) (   4,    4) (   4,    4) (   4,    5) (   4,    2) (   4,    4) (   4,    7) (   4,    5) (   4,    4) (   4,    7)
          (   4,    4) (   4,    0) (   4,    5) (   4,    5) (   4,    6) (   4,    2) (   4,    4) (   4,    2) (   4,    5) (   4,    3)
          (   4,    4) (   4,    7) (   4,    8) (   4,    4) (   4,    5) (   4,    3) (   4,    3) (   4,    4) (   4,    5) (   4,    2)
          (   4,    5) (   4,    4) (   4,    5) (   4,    2) (   4,    4) (   4,    2) (   4,    4) (   4,    0) (   4,    7) (   4,    0)
          (   4,    6) (   4,    9) (   4,    3) (   4,    4) (   4,    6) (   4,    0) (   4,    1) (   4,    3) (   4,    5) (   4,    2)
          (   4,    1) (   4,    5) (   4,    4) (   4,    3) (   4,    1) (   4,    6) (   4,    4) (   4,    1) (   4,    6) (   4,    5)
          (   4,    3) (   4,    5) (   4,    5) (   4,    5) (   4,    6) (   4,    4) (   4,    6) (   4,    3) (   4,    1) (   4,    4)
          (   4,    3) (   4,    1) (   4,    4) (   4,    3) (   4,    7) (   4,    6) (   4,    5) (   4,    6) (   4,    3) (   4,    6)
          (   4,    8) (   4,    1) (   4,    3) (   4,    3) (   4,    4) (   4,    6) (   4,    7) (   4,    6) (   4,    3) (   4,    6)
          (   4,    4) (   4,    6) (   4,    5) (   4,    5) (   4,    7) (   4,    2) (   4,    8) (   4,    4) (   4,    3) (   4,    2)
          (   4,    3) (   4,    3) (   4,    6) (   4,    3) (   4,    7) (   4,    5) (   4,    4) (   4,    3) (   4,    2) (   4,    0)
          (   4,    2) (   4,    5) (   4,    5) (   4,    4) (   4,    2) (   4,    5) (   4,    5) (   4,    2) (   4,    6) (   4,    7)
          (   4,    6) (   4,    5) (   4,    3) (   4,    4) (   4,    4) (   4,    2) (   4,    3) (   4,    5) (   4,    5) (   4,    2)
          (   4,    3) (   4,    5) (   4,    1) (   4,    4) (   4,    2) (   4,    5) (   4,    2) (   4,    3) (   4,    2) (   4,    2)
          (   4,    6) (   4,    3) (   4,    3) (   4,    1) (   4,    1) (   4,    2) (   4,    2) (   4,    5) (   4,    4) (   4,    3)
          (   4,    3) (   4,    3) (   4,    3) (   4,    3) (   4,    3) (   4,    3) (   4,    1) (   4,    5) (   4,    5) (   4,    2)
          (   4,    7) (   4,    6) (   4,    7) (   4,    0) (   4,    4) (   4,    3) (   4,    4) (   4,    2) (   4,    6) (   4,    4)
          (   4,    5) (   4,    0) (   4,    5) (   4,    4) (   4,    7) (   4,    5) (   4,    5) (   4,    7) (   4,    4) (   4,    4)
          (   4,    2) (   4,    5) (   4,    5) (   4,    9) (   4,    3) (   4,    2) (   4,    4) (   4,    6) (   4,    4) (   4,    4)
          (   4,    4) (   4,    5) (   4,    4) (   4,    3) (   4,    4) (   4,    3) (   4,    2) (   4,    3) (   4,    2) (   4,    5)
          (   4,    4) (   4,    4) (   4,    1) (   4,    3) (   4,    1) (   4,    4) (   4,    4) (   4,    5) (   4,    3) (   4,    3)
          (   4,    0) (   4,    4) (   4,    5) (   4,    0) (   4,    4) (   4,    6) (   4,    1) (   4,    2) (   4,    4) (   4,    6)
          (   4,    8) (   4,    2) (   4,    3) (   4,    2) (   4,    5) (   4,    2) (   4,    2) (   4,    4) (   4,    8) (   4,    7)
          (   4,    3) (   4,    4) (   4,    4) (   4,    6) (   4,    2) (   4,    4) (   4,    4) (   4,    4) (   4,    2) (   4,    2)
          (   4,    5) (   4,    2) (   4,    6) (   4,    0) (   4,    6) (   4,    3) (   4,    5) (   4,    8) (   4,   10) (   4,    7)
          (   4,    6) (   4,    2) (   4,    5) (   4,    4) (   4,    2) (   4,    4) (   4,    4) (   4,    3) (   4,    6) (   4,    5)
          (   4,    3) (   4,    5) (   4,    3) (   4,   10) (   4,    8) (   4,    9) (   4,    8) (   4,    4) (   4,    2) (   4,    5)
          (   4,    8) (   4,    3) (   4,    4) (   4,    2) (   4,    6) (   4,    5) (   4,    3) (   4,    9) (   4,    6) (   4,    1)
          (   4,    7) (   4,    4) (   4,    8) (   4,    3) (   4,    4) (   4,    4) (   4,    4) (   4,    4) (   4,    4) (   4,    2)
          (   4,    4) (   4,    5) (   4,    3) (   4,    3) (   4,    6) (   4,    3) (   4,    4) (   4,    1) (   4,    5) (   4,    4)
          (   4,    5) (   4,    4) (   4,    4) (   4,    7) (   4,    3) (   4,    5) (   4,    5) (   4,    6) (   4,    7) (   4,    0)
          (   4,    0) (   4,    4) (   4,    5) (   4,    6) (   4,    9) (   4,    4) (   4,    3) (   4,    4) (   4,    5) (   4,    3)
          (   4,    8) (   4,    1) (   4,    8) (   4,    2) (   4,    4) (   4,    6) (   4,    2) (   4,    4) (   4,    1) (   4,    2)
          (   4,    5) (   4,    1) (   4,    5) (   4,    4) (   4,    4) (   4,    5) (   4,    4) (   4,    4) (   4,    3) (   4,    6)
          (   4,    4) (   4,    2) (   4,    3) (   4,    3) (   4,    3) (   4,    4) (   4,    1) (   4,    5) (   4,    5) (   4,    0)
          (   4,    4) (   4,    6) (   4,    5) (   4,    2) (   4,    7) (   4,    4) (   4,    7) (   4,    6) (   4,    3) (   4,    3)
          (   4,    3) (   4,    5) (   4,    3) (   4,    6) (   4,    3) (   4,    4) (   4,    9) (   4,    3) (   4,    4) (   4,    4)
          (   4,    7) (   4,    8) (   4,    1) (   4,    3) (   4,    3) (   4,    4) (   4,    6) (   4,    3) (   4,    3) (   4,    2)
          (   4,    6) (   4,    3) (   4,    2) (   4,    3) (   4,    5) (   4,    6) (   4,    0) (   4,    3) (   4,    4) (   4,    4)
          (   4,    4) (   4,    4) (   4,    5) (   4,    7) (   4,    4) (   4,    4) (   4,    2) (   4,    6) (   4,    2) (   4,    4)
          (   4,    5) (   4,    5) (   4,    5) (   4,    5) (   4,    5) (   4,    5) (   4,    2) (   4,    1) (   4,    2) (   4,    2)
          (   4,    6) (   4,    4) (   4,    3) (   4,    4) (   4,    6) (   4,    8) (   4,    5) (   4,    4) (   4,    5) (   4,    5)
          (   4,    2) (   4,    2) (   4,    3) (   4,    7) (   4,    9) (   4,    4) (   4,    3) (   4,    3) (   4,    5) (   4,    4)
          (   4,    4) (   4,    7) (   4,    4) (   4,    7) (   4,    2) (   4,    4) (   4,    3) (   4,    6) (   4,    5) (   4,    4)
          (   4,    4) (   4,    3) (   4,    2) (   4,    4) (   4,    6) (   4,    6) (   4,    5) (   4,    4) (   4,    1) (   4,    5)
          (   4,    1) (   4,    5) (   4,    5) (   4,    0) (   4,    8) (   4,    6) (   4,    2) (   4,    2) (   4,    5) (   4,    8)
          (   4,    3) (   4,    3) (   4,    6) (   4,    4) (   4,    4) (   4,    3) (   4,    3) (   4,    0) (   4,    4) (   4,    6)
          (   4,   10) (   4,    4) (   4,    2) (   4,    3) (   4,    5) (   4,    1) (   4,    7) (   4,    2) (   4,    5) (   4,    2)
          (   4,    4) (   4,    3) (   4,    8) (   4,    3) (   4,    5) (   4,    3) (   4,    8) (   4,    4) (   4,    5) (   4,    4)
          (   4,    6) (   4,    2) (   4,    3) (   4,    4) (   4,    9) (   4,    4) (   4,    4) (   4,    2) (   4,    4) (   4,    6)
          (   4,    5) (   4,    8) (   4,    2) (   4,    2) (   4,    2) (   4,    2) (   4,    3) (   4,    4) (   4,    4) (   4,    5)
          (   4,    6) (   4,    1) (   4,    8) (   4,    4) (   4,    3) (   4,    3) (   4,    5) (   4,    3) (   4,    6) (   4,    3)
          (   4,    3) (   4,    4) (   4,    2) (   4,    2) (   4,    3) (   4,    4) (   4,    3) (   4,    5) (   4,    2) (   4,    4)
          (   4,    2) (   4,    4) (   4,    7) (   4,    5) (   4,    3) (   4,    5) (   4,    3) (   4,    1) (   4,    3) (   4,    3)
          (   4,    9) (   4,    2) (   4,    3) (   4,    0) (   4,    3) (   4,    4) (   4,    5) (   4,    2) (   4,    5) (   4,    3)
         
node   2 sent_total   2793  recv_total   2812

node   3  (   1,    0) (   0,    0) (   0,    1) (   4,    4) (   4,    6) (   4,    6) (   4,    5) (   4,    7) (   4,    3) (   4,    2)
          (   4,    3) (   4,    3) (   4,    5) (   4,   10) (   4,    4) (   4,    7) (   4,    1) (   4,    3) (   4,    2) (   4,    6)
          (   4,    3) (   4,    5) (   4,    2) (   4,    7) (   4,    7) (   4,    4) (   4,    6) (   4,    6) (   4,    2) (   4,    4)
          (   4,    3) (   4,    5) (   4,    3) (   4,    4) (   4,    5) (   4,    0) (   4,    4) (   4,    2) (   4,    6) (   4,    0)
          (   4,    4) (   4,    8) (   4,    7) (   4,    2) (   4,    6) (   4,    4) (   4,    5) (   4,    5) (   4,    6) (   4,    8)
          (   4,    3) (   4,    3) (   4,    4) (   4,    8) (   4,    4) (   4,    1) (   4,    8) (   4,    3) (   4,    5) (   4,    3)
          (   4,    6) (   4,    2) (   4,    6) (   4,    3) (   4,    4) (   4,    4) (   4,    4) (   4,    5) (   4,    6) (   4,    2)
          (   4,    2) (   4,    1) (   4,    3) (   4,    2) (   4,    3) (   4,    3) (   4,    4) (   4,    6) (   4,    4) (   4,    2)
          (   4,    1) (   4,    4) (   4,    4) (   4,    3) (   4,    7) (   4,    3) (   4,    7) (   4,    4) (   4,    3) (   4,    5)
          (   4,    2) (   4,    6) (   4,    5) (   4,    6) (   4,    3) (   4,    2) (   4,    6) (   4,    4) (   4,    4) (   4,    5)
          (   4,    4) (   4,    2) (   4,    2) (   4,    2) (   4,    2) (   4,    2) (   4,    2) (   4,    4) (   4,    3) (   4,    3)
          (   4,    4) (   4,    1) (   4,    3) (   4,    5) (   4,    2) (   4,    1) (   4,    4) (   4,    2) (   4,    8) (   4,    3)
          (   4,    5) (   4,    5) (   4,    5) (   4,    6) (   4,    3) (   4,    2) (   4,    8) (   4,    5) (   4,    2) (   4,    3)
          (   4,    4) (   4,    4) (   4,    1) (   4,    5) (   4,    4) (   4,    1) (   4,    1) (   4,    4) (   4,    5) (   4,    4)
          (   4,    2) (   4,    3) (   4,    8) (   4,    6) (   4,    6) (   4,    3) (   4,    2) (   4,    3) (   4,    4) (   4,    6)
          (   4,    4) (   4,    5) (   4,    4) (   4,    3) (   4,    4) (   4,    6) (   4,    4) (   4,    3) (   4,    2) (   4,    3)
          (   4,    4) (   4,    4) (   4,    6) (   4,    6) (   4,    3) (   4,    5) (   4,    3) (   4,    4) (   4,    5) (   4,    3)
          (   4,    2) (   4,    5) (   4,    4) (   4,    6) (   4,    4) (   4,    1) (   4,    7) (   4,    5) (   4,    4) (   4,    8)
          (   4,    1) (   4,    8) (   4,    5) (   4,    2) (   4,    5) (   4,    8) (   4,    5) (   4,    3) (   4,    3) (   4,    5)
          (   4,    5) (   4,    2) (   4,    3) (   4,    5) (   4,    4) (   4,    3) (   4,    4) (   4,    2) (   4,    4) (   4,    7)
          (   4,    4) (   4,    7) (   4,    2) (   4,    3) (   4,    6) (   4,    3) (   4,    7) (   4,    5) (   4,    3) (   4,    1)
          (   4,    1) (   4,    2) (   4,    3) (   4,    4) (   4,    5) (   4,    5) (   4,    2) (   4,    3) (   4,    2) (   4,    5)
          (   4,    3) (   4,    2) (   4,    5) (   4,    7) (   4,    5) (   4,    1) (   4,    4) (   4,    8) (   4,    6) (   4,    7)
          (   4,    5) (   4,    7) (   4,   12) (   4,    4) (   4,    4) (   4,    6) (   4,    4) (   4,    2) (   4,    5) (   4,    1)
          (   4,    5) (   4,    2) (   4,    3) (   4,    4) (   4,    6) (   4,    5) (   4,    3) (   4,    4) (   4,    4) (   4,    3)
          (   4,    8) (   4,    4) (   4,    5) (   4,    6) (   4,    2) (   4,    4) (   4,    3) (   4,    5) (   4,    6) (   4,    4)
          (   4,    7) (   4,    7) (   4,    5) (   4,    4) (   4,    5) (   4,    6) (   4,    3) (   4,    2) (   4,    3) (   4,    1)
          (   4,    2) (   4,    6) (   4,    3) (   4,    3) (   4,    3) (   4,    3) (   4,    6) (   4,    3) (   4,    6) (   4,    3)
          (   4,    2) (   4,    4) (   4,    6) (   4,    6) (   4,    3) (   4,    6) (   4,    7) (   4,    7) (   4,    3) (   4,    3)
          (   4,    8) (   4,    5) (   4,    8) (   4,    7) (   4,    3) (   4,    4) (   4,    4) (   4,    5) (   4,    5) (   4,    3)
          (   4,    2) (   4,    0) (   4,    2) (   4,    3) (   4,    3) (   4,    5) (   4,    3) (   4,    5) (   4,    1) (   4,    3)
          (   4,    4) (   4,    2) (   4,    4) (   4,    4) (   4,    6) (   4,    3) (   4,    5) (   4,    2) (   4,    1) (   4,    3)
          (   4,    4) (   4,    8) (   4,    4) (   4,    4) (   4,    4) (   4,    4) (   4,    6) (   4,    6) (   4,    1) (   4,    4)
          (   4,    7) (   4,    5) (   4,    7) (   4,    7) (   4,    7) (   4,    3) (   4,    7) (   4,    1) (   4,    7) (   4,    2)
          (   4,    3) (   4,    6) (   4,    4) (   4,    2) (   4,    5) (   4,    6) (   4,    3) (   4,    3) (   4,    4) (   4,    1)
          (   4,    6) (   4,    5) (   4,    7) (   4,    2) (   4,    5) (   4,    5) (   4,    4) (   4,    1) (   4,    6) (   4,    3)
          (   4,    1) (   4,    3) (   4,    4) (   4,    7) (   4,    4) (   4,    4) (   4,    2) (   4,    8) (   4,    2) (   4,    1)
          (   4,    2) (   4,    2) (   4,    3) (   4,    3) (   4,    5) (   4,    4) (   4,    7) (   4,    5) (   4,    3) (   4,    3)
          (   4,    3) (   4,    1) (   4,    4) (   4,    8) (   4,    4) (   4,    8) (   4,    2) (   4,    8) (   4,    3) (   4,    2)
          (   4,    5) (   4,    3) (   4,    1) (   4,    8) (   4,    4) (   4,    5) (   4,    3) (   4,    1) (   4,    4) (   4,    2)
          (   4,    4) (   4,    4) (   4,    1) (   4,    4) (   4,    0) (   4,    3) (   4,    5) (   4,    4) (   4,    3) (   4,    2)
          (   4,    5) (   4,    2) (   4,    3) (   4,    6) (   4,    2) (   4,    2) (   4,    3) (   4,    4) (   4,    7) (   4,    4)
          (   4,    3) (   4,    2) (   4,    5) (   4,    1) (   4,    6) (   4,    7) (   4,    3) (   4,    4) (   4,    3) (   4,    6)
          (   4,    2) (   4,    4) (   4,    6) (   4,    2) (   4,    4) (   4,    5) (   4,    3) (   4,    6) (   4,    3) (   4,    3)
          (   4,    5) (   4,    3) (   4,    5) (   4,    5) (   4,    3) (   4,    5) (   4,    4) (   4,   10) (   4,    1) (   4,    4)
          (   4,    2) (   4,    4) (   4,    2) (   4,    4) (   4,    2) (   4,    3) (   4,    4) (   4,    0) (   4,    4) (   4,    6)
          (   4,    3) (   4,    4) (   4,    4) (   4,    4) (   4,    4) (   4,    5) (   4,    2) (   4,    4) (   4,    7) (   4,    7)
          (   4,    3) (   4,    7) (   4,    3) (   4,    3) (   4,    1) (   4,    4) (   4,    3) (   4,    5) (   4,    3) (   4,    2)
          (   4,    3) (   4,    7) (   4,    4) (   4,    4) (   4,    6) (   4,    2) (   4,    4) (   4,    3) (   4,    4) (   4,    3)
          (   4,    0) (   4,    3) (   4,    5) (   4,    3) (   4,    8) (   4,    1) (   4,    4) (   4,    7) (   4,    6) (   4,    5)
          (   4,    1) (   4,    2) (   4,    2) (   4,    4) (   4,    3) (   4,    3) (   4,    6) (   4,    4) (   4,    5) (   4,    6)
          (   4,    6) (   4,    1) (   4,    6) (   4,    1) (   4,    4) (   4,    2) (   4,    1) (   4,    5) (   4,    3) (   4,    1)
          (   4,    3) (   4,    4) (   4,    4) (   4,    4) (   4,    2) (   4,    5) (   4,    1) (   4,    2) (   4,    4) (   4,    5)
          (   4,    5) (   4,    6) (   4,    5) (   4,    5) (   4,    5) (   4,    1) (   4,    3) (   4,    4) (   4,    3) (   4,    4)
          (   4,    3) (   4,    2) (   4,    6) (   4,    7) (   4,    4) (   4,    2) (   4,    7) (   4,    3) (   4,    4) (   4,    6)
          (   4,    3) (   4,    4) (   4,    6) (   4,    3) (   4,    4) (   4,    1) (   4,    2) (   4,    1) (   4,    5) (   4,    3)
          (   4,    1) (   4,    2) (   4,    4) (   4,    3) (   4,    3) (   4,    3) (   4,    4) (   4,    7) (   4,    3) (   4,    5)
          (   4,    8) (   4,    2) (   4,    5) (   4,    5) (   4,    2) (   4,    6) (   4,    4) (   4,    2) (   4,    3) (   4,    1)
          (   4,    3) (   4,    2) (   4,    2) (   4,    2) (   4,    2) (   4,    3) (   4,    5) (   4,    4) (   4,    4) (   4,    4)
          (   4,    5) (   4,    0) (   4,    5) (   4,    3) (   4,    3) (   4,    4) (   4,    5) (   4,    2) (   4,    6) (   4,    2)
          (   4,    5) (   4,    4) (   4,    5) (   4,    5) (   4,    3) (   4,    4) (   4,    2) (   4,    5) (   4,    3) (   4,    1)
          (   4,    3) (   4,    4) (   4,    5) (   4,    5) (   4,    9) (   4,    6) (   4,    7) (   4,    8) (   4,    5) (   4,    1)
          (   4,    4) (   4,    5) (   4,    3) (   4,    1) (   4,    4) (   4,    0) (   4,    3) (   4,    3) (   4,    8) (   4,    6)
          (   4,    1) (   4,    3) (   4,    5) (   4,    6) (   4,    4) (   4,    5) (   4,    2) (   4,    3) (   4,    1) (   4,    4)
          (   4,    4) (   4,    4) (   4,   10) (   4,    3) (   4,    5) (   4,    0) (   4,    6) (   4,    4) (   4,    7) (   4,    5)
          (   4,    2) (   4,    5) (   4,    1) (   4,    6) (   4,    4) (   4,    2) (   4,    5) (   4,    3) (   4,    3) (   4,    2)
          (   4,    2) (   4,    3) (   4,    4) (   4,    4) (   4,    2) (   4,    1) (   4,    4) (   4,    5) (   4,    3) (   4,    4)
          (   4,    2) (   4,    2) (   4,    3) (   4,    5) (   4,    4) (   4,    7) (   4,    6) (   4,    2) (   4,    3) (   4,    2)
          (   4,    3) (   4,    4) (   4,    1) (   4,    7) (   4,    5) (   4,    5) (   4,    2) (   4,    5) (   4,    2) (   4,    6)
          (   4,    3) (   4,    1) (   4,    3) (   4,    2) (   4,    3) (   4,    4) (   4,    7) (   4,    3) (   4,    1) (   4,    2)
         
node   3 sent_total   2789  recv_total   2745

node   4  (   1,    0) (   0,    0) (   4,    2) (   4,    2) (   4,    6) (   4,    3) (   4,    2) (   4,    3) (   4,    3) (   4,    5)
          (   4,    2) (   4,    8) (   4,    1) (   4,    2) (   4,    4) (   4,    5) (   4,    4) (   4,    3) (   4,    3) (   4,    5)
          (   4,    3) (   4,    3) (   4,    5) (   4,    2) (   4,    2) (   4,    3) (   4,    3) (   4,    5) (   4,    4) (   4,    4)
          (   4,    5) (   4,    4) (   4,    2) (   4,    5) (   4,    2) (   4,    3) (   4,    6) (   4,    4) (   4,    5) (   4,    5)
          (   4,    3) (   4,    3) (   4,    2) (   4,    6) (   4,    4) (   4,    3) (   4,    3) (   4,    3) (   4,    6) (   4,    3)
          (   4,    5) (   4,    2) (   4,    2) (   4,    5) (   4,    5) (   4,    3) (   4,    7) (   4,    6) (   4,    4) (   4,    8)
          (   4,    3) (   4,    3) (   4,    4) (   4,    5) (   4,    3) (   4,    5) (   4,    5) (   4,    1) (   4,    4) (   4,    4)
          (   4,    5) (   4,    4) (   4,    1) (   4,    6) (   4,    3) (   4,    3) (   4,    6) (   4,    2) (   4,    2) (   4,    6)
          (   4,    2) (   4,    5) (   4,    3) (   4,    2) (   4,    3) (   4,    5) (   4,    2) (   4,    6) (   4,    5) (   4,    6)
          (   4,    5) (   4,    3) (   4,    3) (   4,    4) (   4,    5) (   4,    5) (   4,    3) (   4,    7) (   4,    2) (   4,    1)
          (   4,    5) (   4,    3) (   4,    3) (   4,    4) (   4,    3) (   4,    6) (   4,    3) (   4,    3) (   4,    4) (   4,    3)
          (   4,    3) (   4,    1) (   4,    3) (   4,    5) (   4,    4) (   4,    3) (   4,    2) (   4,    6) (   4,    1) (   4,    1)
          (   4,    2) (   4,    7) (   4,    2) (   4,    4) (   4,    4) (   4,    4) (   4,    5) (   4,    3) (   4,    7) (   4,    5)
          (   4,    1) (   4,    4) (   4,    2) (   4,    7) (   4,    6) (   4,    6) (   4,    6) (   4,    3) (   4,    3) (   4,    4)
          (   4,    6) (   4,    3) (   4,    2) (   4,    1) (   4,    2) (   4,    5) (   4,    8) (   4,    3) (   4,    4) (   4,    2)
          (   4,    1) (   4,    5) (   4,    3) (   4,    4) (   4,    2) (   4,    3) (   4,    3) (   4,    6) (   4,    5) (   4,    2)
          (   4,    8) (   4,    1) (   4,    3) (   4,    2) (   4,    6) (   4,    3) (   4,    2) (   4,    1) (   4,    4) (   4,    2)
          (   4,    6) (   4,    5) (   4,    2) (   4,    3) (   4,    1) (   4,    4) (   4,    1) (   4,    3) (   4,    3) (   4,    3)
          (   4,    4) (   4,    3) (   4,    3) (   4,    3) (   4,    3) (   4,    8) (   4,    3) (   4,    4) (   4,    4) (   4,    4)
          (   4,    4) (   4,    2) (   4,    3) (   4,    4) (   4,    4) (   4,    5) (   4,    1) (   4,    3) (   4,    1) (   4,    2)
          (   4,    7) (   4,    5) (   4,    7) (   4,    1) (   4,    4) (   4,    1) (   4,    2) (   4,    3) (   4,    1) (   4,    9)
          (   4,    7) (   4,    3) (   4,    4) (   4,    5) (   4,    6) (   4,    5) (   4,    8) (   4,    2) (   4,    5) (   4,    3)
          (   4,    4) (   4,    5) (   4,   10) (   4,    4) (   4,    5) (   4,    2) (   4,    5) (   4,    2) (   4,    2) (   4,    6)
          (   4,    2) (   4,    5) (   4,    3) (   4,    6) (   4,    8) (   4,    3) (   4,    2) (   4,    3) (   4,    6) (   4,    4)
          (   4,    1) (   4,    1) (   4,    5) (   4,    4) (   4,    5) (   4,    3) (   4,    3) (   4,    3) (   4,    3) (   4,    6)
          (   4,    5) (   4,    2) (   4,    3) (   4,    5) (   4,    4) (   4,   11) (   4,    4) (   4,    2) (   4,    4) (   4,    3)
          (   4,    4) (   4,    5) (   4,    5) (   4,    5) (   4,    3) (   4,    4) (   4,    4) (   4,    2) (   4,    3) (   4,    6)
          (   4,    4) (   4,    2) (   4,    5) (   4,    3) (   4,    5) (   4,    6) (   4,    2) (   4,    9) (   4,    3) (   4,    6)
          (   4,    4) (   4,    3) (   4,    5) (   4,    4) (   4,    3) (   4,    5) (   4,    6) (   4,    5) (   4,    4) (   4,    2)
          (   4,    3) (   4,    5) (   4,    4) (   4,    4) (   4,    8) (   4,    0) (   4,    2) (   4,    3) (   4,    5) (   4,    7)
          (   4,    6) (   4,    2) (   4,    4) (   4,    3) (   4,    5) (   4,    3) (   4,    2) (   4,    6) (   4,    1) (   4,    1)
          (   4,    6) (   4,    5) (   4,    1) (   4,    4) (   4,    3) (   4,    3) (   4,    4) (   4,    7) (   4,    3) (   4,    6)
          (   4,    5) (   4,    5) (   4,    4) (   4,    2) (   4,    1) (   4,    6) (   4,    4) (   4,    3) (   4,    3) (   4,    3)
          (   4,    3) (   4,    2) (   4,    2) (   4,    4) (   4,    3) (   4,    5) (   4,    6) (   4,    3) (   4,    2) (   4,    7)
          (   4,    4) (   4,    4) (   4,    3) (   4,    2) (   4,    6) (   4,    6) (   4,    2) (   4,    4) (   4,    3) (   4,    7)
          (   4,    4) (   4,    8) (   4,    2) (   4,    2) (   4,    8) (   4,    4) (   4,    4) (   4,    4) (   4,    5) (   4,    3)
          (   4,    4) (   4,    4) (   4,    2) (   4,    3) (   4,    5) (   4,    4) (   4,    5) (   4,    2) (   4,    3) (   4,    3)
          (   4,    2) (   4,    3) (   4,    5) (   4,    5) (   4,    3) (   4,    5) (   4,    4) (   4,    7) (   4,    6) (   4,    5)
          (   4,    5) (   4,    5) (   4,    5) (   4,    5) (   4,    3) (   4,    3) (   4,    2) (   4,    6) (   4,    6) (   4,    4)
          (   4,    4) (   4,    6) (   4,    4) (   4,    2) (   4,    1) (   4,    4) (   4,    6) (   4,    5) (   4,    4) (   4,    1)
          (   4,    5) (   4,    5) (   4,    1) (   4,    6) (   4,    5) (   4,    4) (   4,    6) (   4,    7) (   4,    1) (   4,    4)
          (   4,    8) (   4,    5) (   4,    2) (   4,    2) (   4,    1) (   4,    5) (   4,    3) (   4,    3) (   4,    3) (   4,    4)
          (   4,    5) (   4,    7) (   4,    6) (   4,    9) (   4,    5) (   4,    2) (   4,    4) (   4,    3) (   4,    1) (   4,    3)
          (   4,    4) (   4,    2) (   4,    2) (   4,    4) (   4,    0) (   4,    3) (   4,    4) (   4,    2) (   4,    4) (   4,    1)
          (   4,    5) (   4,    5) (   4,    2) (   4,    2) (   4,    3) (   4,    2) (   4,    2) (   4,    6) (   4,    8) (   4,    1)
          (   4,    5) (   4,    5) (   4,    2) (   4,    6) (   4,    4) (   4,    2) (   4,    4) (   4,    6) (   4,    4) (   4,    5)
          (   4,    3) (   4,    1) (   4,    3) (   4,    2) (   4,    3) (   4,    4) (   4,    5) (   4,    4) (   4,    2) (   4,    2)
          (   4,    2) (   4,    7) (   4,    6) (   4,    6) (   4,    4) (   4,    2) (   4,    5) (   4,    3) (   4,    7) (   4,    6)
          (   4,    4) (   4,    5) (   4,    3) (   4,    7) (   4,    3) (   4,    7) (   4,    5) (   4,    5) (   4,    4) (   4,    2)
          (   4,    5) (   4,    6) (   4,    6) (   4,    3) (   4,    3) (   4,    7) (   4,    3) (   4,    4) (   4,    5) (   4,    6)
          (   4,    3) (   4,    3) (   4,    4) (   4,    3) (   4,    4) (   4,    1) (   4,    2) (   4,    4) (   4,    2) (   4,    4)
          (   4,    2) (   4,    3) (   4,    2) (   4,    4) (   4,    1) (   4,    3) (   4,    5) (   4,    5) (   4,    5) (   4,    9)
          (   4,    4) (   4,    5) (   4,    1) (   4,    4) (   4,    4) (   4,    8) (   4,    5) (   4,    6) (   4,    5) (   4,    5)
          (   4,    5) (   4,    3) (   4,    3) (   4,    4) (   4,    3) (   4,    5) (   4,    2) (   4,    7) (   4,    3) (   4,    5)
          (   4,    1) (   4,    8) (   4,    3) (   4,    3) (   4,    4) (   4,    3) (   4,    2) (   4,    2) (   4,    6) (   4,    4)
          (   4,    6) (   4,    8) (   4,    4) (   4,    4) (   4,    4) (   4,    5) (   4,    4) (   4,    5) (   4,    2) (   4,    7)
          (   4,    2) (   4,    2) (   4,    6) (   4,    2) (   4,    5) (   4,    3) (   4,    5) (   4,    5) (   4,    4) (   4,    2)
          (   4,    2) (   4,    6) (   4,    3) (   4,    6) (   4,    2) (   4,    1) (   4,    7) (   4,    5) (   4,    3) (   4,    5)
          (   4,    2) (   4,    3) (   4,    3) (   4,    6) (   4,    7) (   4,    3) (   4,    3) (   4,    3) (   4,    0) (   4,    6)
          (   4,    5) (   4,    4) (   4,    4) (   4,    3) (   4,    3) (   4,    7) (   4,    4) (   4,    4) (   4,    6) (   4,    4)
          (   4,    6) (   4,    5) (   4,    4) (   4,    4) (   4,    3) (   4,    5) (   4,    1) (   4,    2) (   4,    2) (   4,    3)
          (   4,    6) (   4,    3) (   4,    6) (   4,    3) (   4,    4) (   4,    3) (   4,    5) (   4,    3) (   4,    3) (   4,    5)
          (   4,    1) (   4,    5) (   4,    4) (   4,    8) (   4,    4) (   4,    5) (   4,    4) (   4,    5) (   4,    2) (   4,    8)
          (   4,    4) (   4,    4) (   4,    3) (   4,    5) (   4,    5) (   4,    5) (   4,    4) (   4,    4) (   4,    7) (   4,    4)
          (   4,    4) (   4,    4) (   4,    2) (   4,    8) (   4,    2) (   4,    4) (   4,    2) (   4,    2) (   4,    2) (   4,    3)
          (   4,    1) (   4,    3) (   4,    3) (   4,    4) (   4,    4) (   4,    3) (   4,    5) (   4,    2) (   4,    5) (   4,    7)
          (   4,    4) (   4,    4) (   4,    6) (   4,    6) (   4,    2) (   4,    7) (   4,    3) (   4,    2) (   4,    5) (   4,    6)
          (   4,    8) (   4,    4) (   4,    3) (   4,    3) (   4,    4) (   4,    3) (   4,    4) (   4,   11) (   4,    4) (   4,    3)
          (   4,    3) (   4,    6) (   4,    6) (   4,    2) (   4,    3) (   4,    5) (   4,    4) (   4,    4) (   4,    4) (   4,    3)
          (   4,    3) (   4,    2) (   4,    5) (   4,    6) (   4,    5) (   4,    4) (   4,    0) (   4,    2) (   4,    4) (   4,    3)
         
node   4 sent_total   2793  recv_total   2739

node   5  (   0,    0) (   1,    0) (   0,    0) (   4,    2) (   4,    3) (   4,    5) (   4,    2) (   4,    3) (   4,    3) (   4,    7)
          (   4,    6) (   4,    3) (   4,    4) (   4,    3) (   4,    2) (   4,    3) (   4,    5) (   4,    7) (   4,    7) (   4,    4)
          (   4,    4) (   4,    2) (   4,    3) (   4,    6) (   4,    2) (   4,    4) (   4,    2) (   4,    3) (   4,    4) (   4,    2)
          (   4,    4) (   4,    4) (   4,    4) (   4,    3) (   4,    3) (   4,    6) (   4,    6) (   4,    5) (   4,    4) (   4,    2)
          (   4,    4) (   4,    2) (   4,    1) (   4,    2) (   4,    0) (   4,    2) (   4,    0) (   4,    3) (   4,    5) (   4,    1)
          (   4,    0) (   4,    3) (   4,    2) (   4,    5) (   4,    4) (   4,    3) (   4,    5) (   4,    5) (   4,    8) (   4,    4)
          (   4,    1) (   4,    3) (   4,    5) (   4,    4) (   4,    5) (   4,    6) (   4,    2) (   4,    3) (   4,    4) (   4,    5)
          (   4,    2) (   4,    2) (   4,    8) (   4,    3) (   4,    5) (   4,    2) (   4,    4) (   4,    3) (   4,    8) (   4,    1)
          (   4,    0) (   4,    2) (   4,    4) (   4,    4) (   4,    4) (   4,    0) (   4,    6) (   4,    7) (   4,    4) (   4,    3)
          (   4,    4) (   4,    7) (   4,    3) (   4,    6) (   4,    4) (   4,    5) (   4,    7) (   4,    1) (   4,    6) (   4,    6)
          (   4,    2) (   4,    1) (   4,    3) (   4,    3) (   4,    8) (   4,    7) (   4,    5) (   4,    5) (   4,    2) (   4,    3)
          (   4,    4) (   4,    2) (   4,    4) (   4,    5) (   4,    6) (   4,    1) (   4,    4) (   4,    4) (   4,    3) (   4,    5)
          (   4,    6) (   4,   10) (   4,    3) (   4,    2) (   4,    3) (   4,    4) (   4,    1) (   4,    2) (   4,    7) (   4,    1)
          (   4,    6) (   4,    6) (   4,   11) (   4,    2) (   4,    8) (   4,    3) (   4,    4) (   4,    5) (   4,    6) (   4,    5)
          (   4,    5) (   4,    4) (   4,    4) (   4,    4) (   4,    8) (   4,    3) (   4,    3) (   4,    4) (   4,    7) (   4,    6)
          (   4,    3) (   4,    1) (   4,    5) (   4,    4) (   4,    4) (   4,    1) (   4,    5) (   4,    5) (   4,    2) (   4,    5)
          (   4,    4) (   4,    4) (   4,    3) (   4,    5) (   4,    2) (   4,    6) (   4,    3) (   4,    5) (   4,    4) (   4,    4)
          (   4,    2) (   4,    3) (   4,    2) (   4,    3) (   4,    3) (   4,    3) (   4,    4) (   4,    6) (   4,    2) (   4,    3)
          (   4,    7) (   4,    5) (   4,    6) (   4,    5) (   4,    5) (   4,    2) (   4,    6) (   4,    4) (   4,    4) (   4,    2)
          (   4,    3) (   4,    5) (   4,    6) (   4,    4) (   4,    4) (   4,    6) (   4,    7) (   4,    7) (   4,    5) (   4,    1)
          (   4,    6) (   4,    3) (   4,    4) (   4,    2) (   4,    6) (   4,    4) (   4,    5) (   4,    9) (   4,    5) (   4,    5)
          (   4,    3) (   4,    4) (   4,    3) (   4,    5) (   4,    3) (   4,    3) (   4,    4) (   4,    9) (   4,    3) (   4,    3)
          (   4,    7) (   4,    5) (   4,    7) (   4,    4) (   4,    2) (   4,    5) (   4,    3) (   4,    3) (   4,    4) (   4,    3)
          (   4,    1) (   4,    2) (   4,    3) (   4,    5) (   4,    6) (   4,    1) (   4,    6) (   4,    4) (   4,    3) (   4,    2)
          (   4,    3) (   4,    2) (   4,    6) (   4,    4) (   4,    1) (   4,    4) (   4,    6) (   4,    3) (   4,    6) (   4,    4)
          (   4,    1) (   4,    4) (   4,    2) (   4,    2) (   4,    2) (   4,    2) (   4,    7) (   4,    2) (   4,    0) (   4,    6)
          (   4,    2) (   4,    2) (   4,    3) (   4,    2) (   4,    6) (   4,    4) (   4,    3) (   4,    5) (   4,    3) (   4,    1)
          (   4,    4) (   4,    5) (   4,    2) (   4,    2) (   4,    4) (   4,    3) (   4,    1) (   4,    0) (   4,    2) (   4,    3)
          (   4,    2) (   4,    3) (   4,    2) (   4,    5) (   4,    4) (   4,    4) (   4,    4) (   4,    3) (   4,    2) (   4,    6)
          (   4,    3) (   4,    1) (   4,    3) (   4,    6) (   4,    5) (   4,    2) (   4,    4) (   4,    2) (   4,    7) (   4,    4)
          (   4,    4) (   4,    4) (   4,    5) (   4,    5) (   4,    1) (   4,    6) (   4,    2) (   4,    3) (   4,    7) (   4,    6)
          (   4,    4) (   4,    3) (   4,    5) (   4,    4) (   4,    4) (   4,    4) (   4,    4) (   4,    3) (   4,    6) (   4,    3)
          (   4,    3) (   4,    2) (   4,    2) (   4,    7) (   4,    4) (   4,    1) (   4,    4) (   4,    7) (   4,    1) (   4,    2)
          (   4,    3) (   4,    8) (   4,    1) (   4,    4) (   4,    5) (   4,    3) (   4,    4) (   4,    2) (   4,    6) (   4,    4)
          (   4,    4) (   4,    5) (   4,    4) (   4,    3) (   4,    4) (   4,    7) (   4,    5) (   4,    5) (   4,    2) (   4,    3)
          (   4,    4) (   4,    4) (   4,    6) (   4,    7) (   4,    1) (   4,    4) (   4,    5) (   4,    8) (   4,    4) (   4,    7)
          (   4,    7) (   4,    3) (   4,    2) (   4,    3) (   4,    3) (   4,    3) (   4,    4) (   4,    3) (   4,    5) (   4,    4)
          (   4,    4) (   4,    4) (   4,    4) (   4,    2) (   4,    3) (   4,    2) (   4,    2) (   4,    5) (   4,    2) (   4,    3)
          (   4,    2) (   4,    6) (   4,    5) (   4,    2) (   4,    1) (   4,    1) (   4,    6) (   4,    2) (   4,    3) (   4,    6)
          (   4,    7) (   4,    4) (   4,    6) (   4,    2) (   4,    5) (   4,    3) (   4,    4) (   4,    1) (   4,    0) (   4,    6)
          (   4,    2) (   4,    3) (   4,    5) (   4,    4) (   4,    3) (   4,    4) (   4,    5) (   4,    5) (   4,    5) (   4,    6)
          (   4,    3) (   4,    4) (   4,    7) (   4,    3) (   4,    4) (   4,    2) (   4,    4) (   4,    4) (   4,    5) (   4,    4)
          (   4,    2) (   4,    4) (   4,    3) (   4,    1) (   4,    3) (   4,    1) (   4,    0) (   4,    2) (   4,    2) (   4,    4)
          (   4,    8) (   4,    6) (   4,    3) (   4,    5) (   4,    1) (   4,    7) (   4,    2) (   4,    6) (   4,    3) (   4,   11)
          (   4,    3) (   4,    2) (   4,    4) (   4,    4) (   4,    6) (   4,    4) (   4,    2) (   4,    6) (   4,    4) (   4,    4)
          (   4,    4) (   4,    3) (   4,    6) (   4,    1) (   4,    3) (   4,    5) (   4,    2) (   4,    3) (   4,    4) (   4,    4)
          (   4,    4) (   4,    2) (   4,    5) (   4,    2) (   4,    2) (   4,    2) (   4,    6) (   4,    7) (   4,    2) (   4,    3)
          (   4,    4) (   4,    2) (   4,    1) (   4,    2) (   4,    6) (   4,    1) (   4,    4) (   4,    4) (   4,    6) (   4,    3)
          (   4,    6) (   4,    3) (   4,    5) (   4,    3) (   4,    5) (   4,    1) (   4,    6) (   4,    5) (   4,    7) (   4,    7)
          (   4,    7) (   4,    6) (   4,    2) (   4,    7) (   4,    3) (   4,    5) (   4,    7) (   4,    3) (   4,    2) (   4,    6)
          (   4,    8) (   4,    5) (   4,    3) (   4,    3) (   4,    6) (   4,    1) (   4,    1) (   4,    9) (   4,    5) (   4,    4)
          (   4,    1) (   4,    3) (   4,    6) (   4,    1) (   4,    9) (   4,    5) (   4,    2) (   4,    3) (   4,    7) (   4,    3)
          (   4,    4) (   4,    2) (   4,   11) (   4,    6) (   4,    1) (   4,    3) (   4,    2) (   4,    1) (   4,    4) (   4,    2)
          (   4,    3) (   4,    7) (   4,    3) (   4,    4) (   4,    2) (   4,    7) (   4,    4) (   4,    3) (   4,    5) (   4,    6)
          (   4,    2) (   4,    4) (   4,    3) (   4,    2) (   4,    3) (   4,    5) (   4,    5) (   4,    3) (   4,    3) (   4,    5)
          (   4,    2) (   4,    2) (   4,    3) (   4,    3) (   4,    2) (   4,    3) (   4,    2) (   4,    4) (   4,    4) (   4,    2)
          (   4,    4) (   4,    2) (   4,    2) (   4,    2) (   4,    3) (   4,    6) (   4,    5) (   4,    3) (   4,    3) (   4,    5)
          (   4,    6) (   4,    1) (   4,    1) (   4,    2) (   4,    5) (   4,    4) (   4,    5) (   4,    3) (   4,    4) (   4,    8)
          (   4,    2) (   4,    4) (   4,    3) (   4,    4) (   4,    4) (   4,    8) (   4,    3) (   4,    3) (   4,    5) (   4,    0)
          (   4,    3) (   4,    6) (   4,    3) (   4,    5) (   4,    6) (   4,    2) (   4,    4) (   4,    4) (   4,    5) (   4,    2)
          (   4,    4) (   4,    3) (   4,    2) (   4,    8) (   4,    0) (   4,    4) (   4,    7) (   4,    2) (   4,    4) (   4,    4)
          (   4,    5) (   4,    5) (   4,    2) (   4,    4) (   4,    3) (   4,    6) (   4,    5) (   4,    4) (   4,    5) (   4,    6)
          (   4,    4) (   4,    2) (   4,    0) (   4,    1) (   4,    5) (   4,    5) (   4,    7) (   4,    4) (   4,    5) (   4,    3)
          (   4,    6) (   4,    2) (   4,    5) (   4,    5) (   4,    5) (   4,    8) (   4,    4) (   4,    8) (   4,    5) (   4,    1)
          (   4,    8) (   4,    7) (   4,    1) (   4,    4) (   4,    2) (   4,    5) (   4,    0) (   4,    3) (   4,    4) (   4,    8)
          (   4,    4) (   4,    1) (   4,    5) (   4,    4) (   4,    5) (   4,    2) (   4,    3) (   4,    3) (   4,    3) (   4,    2)
          (   4,    4) (   4,    4) (   4,    2) (   4,    2) (   4,    7) (   4,    4) (   4,    3) (   4,    5) (   4,    3) (   4,    4)
          (   4,    5) (   4,    3) (   4,    4) (   4,    8) (   4,    5) (   4,    6) (   4,    5) (   4,    2) (   4,    9) (   4,    5)
          (   4,    6) (   4,    2) (   4,    7) (   4,    6) (   4,    3) (   4,    3) (   4,    3) (   4,    2) (   4,    2) (   4,    2)
          (   4,    2) (   4,    8) (   4,    1) (   4,    6) (   4,    5) (   4,    3) (   4,    1) (   4,   10) (   4,    5) (   4,    7)
         
node   5 sent_total   2789  recv_total   2716

node   6  (   0,    0) (   1,    0) (   0,    0) (   0,    1) (   4,    2) (   4,    1) (   4,    2) (   4,    4) (   4,    6) (   4,    1)
          (   4,    4) (   4,    4) (   4,    2) (   4,    4) (   4,    4) (   4,    2) (   4,    1) (   4,    4) (   4,    5) (   4,    7)
          (   4,    8) (   4,    5) (   4,    2) (   4,    7) (   4,    4) (   4,    3) (   4,    4) (   4,    2) (   4,    4) (   4,    2)
          (   4,    4) (   4,    2) (   4,    8) (   4,    2) (   4,    2) (   4,    4) (   4,    4) (   4,    3) (   4,    4) (   4,    5)
          (   4,    7) (   4,    4) (   4,    7) (   4,    3) (   4,    5) (   4,    4) (   4,    4) (   4,    3) (   4,    2) (   4,    3)
          (   4,    7) (   4,    3) (   4,    2) (   4,    6) (   4,    2) (   4,    4) (   4,    1) (   4,    7) (   4,    5) (   4,    4)
          (   4,    2) (   4,    3) (   4,    3) (   4,    2) (   4,    3) (   4,    5) (   4,    4) (   4,    5) (   4,    4) (   4,    4)
          (   4,    6) (   4,    2) (   4,    7) (   4,    1) (   4,    9) (   4,    3) (   4,    3) (   4,    5) (   4,    4) (   4,    7)
          (   4,    6) (   4,    8) (   4,    5) (   4,    2) (   4,    5) (   4,    4) (   4,    4) (   4,    1) (   4,    2) (   4,    7)
          (   4,    6) (   4,    8) (   4,    3) (   4,    4) (   4,    4) (   4,    7) (   4,    3) (   4,    7) (   4,    1) (   4,    3)
          (   4,    2) (   4,    6) (   4,    4) (   4,    1) (   4,    1) (   4,    3) (   4,    3) (   4,    6) (   4,    5) (   4,    1)
          (   4,    4) (   4,    4) (   4,    3) (   4,    2) (   4,    3) (   4,    7) (   4,    5) (   4,    3) (   4,    9) (   4,    4)
          (   4,    3) (   4,    2) (   4,    2) (   4,    5) (   4,    5) (   4,    7) (   4,    6) (   4,    4) (   4,    7) (   4,    7)
          (   4,    2) (   4,    5) (   4,    3) (   4,    5) (   4,    1) (   4,    4) (   4,    4) (   4,    3) (   4,    4) (   4,    3)
          (   4,    5) (   4,    5) (   4,    2) (   4,    7) (   4,    5) (   4,    2) (   4,    3) (   4,    4) (   4,    4) (   4,    6)
          (   4,    5) (   4,    5) (   4,    5) (   4,    5) (   4,    4) (   4,    3) (   4,    6) (   4,    5) (   4,    7) (   4,    4)
          (   4,    3) (   4,   10) (   4,    4) (   4,    2) (   4,    4) (   4,    4) (   4,    4) (   4,    4) (   4,    0) (   4,    8)
          (   4,    5) (   4,    2) (   4,    3) (   4,    5) (   4,    3) (   4,    8) (   4,    5) (   4,    1) (   4,    4) (   4,    3)
          (   4,    4) (   4,    0) (   4,    2) (   4,    4) (   4,    7) (   4,    1) (   4,    5) (   4,    6) (   4,    2) (   4,    9)
          (   4,    2) (   4,    0) (   4,    2) (   4,    2) (   4,    2) (   4,    6) (   4,    4) (   4,    5) (   4,    6) (   4,    4)
          (   4,    5) (   4,    6) (   4,    0) (   4,    5) (   4,    7) (   4,    4) (   4,    8) (   4,    4) (   4,    3) (   4,    4)
          (   4,    2) (   4,    7) (   4,    1) (   4,    2) (   4,    2) (   4,    3) (   4,    3) (   4,    7) (   4,    4) (   4,    5)
          (   4,    3) (   4,    4) (   4,    2) (   4,    4) (   4,    1) (   4,    4) (   4,    5) (   4,    2) (   4,    3) (   4,    2)
          (   4,    5) (   4,    6) (   4,    4) (   4,    2) (   4,    3) (   4,    6) (   4,    3) (   4,    6) (   4,    5) (   4,    5)
          (   4,    5) (   4,    5) (   4,    3) (   4,    5) (   4,    3) (   4,    3) (   4,    0) (   4,    5) (   4,    4) (   4,    6)
          (   4,    6) (   4,    5) (   4,    5) (   4,    2) (   4,    5) (   4,    2) (   4,    5) (   4,    5) (   4,    2) (   4,    2)
          (   4,    5) (   4,    3) (   4,    5) (   4,    3) (   4,    4) (   4,    5) (   4,    5) (   4,    5) (   4,    6) (   4,    4)
          (   4,    3) (   4,    4) (   4,    3) (   4,    2) (   4,    4) (   4,    5) (   4,    5) (   4,    6) (   4,    4) (   4,    6)
          (   4,    7) (   4,    2) (   4,    4) (   4,    2) (   4,    2) (   4,    3) (   4,    5) (   4,    4) (   4,    2) (   4,    4)
          (   4,    3) (   4,    8) (   4,    4) (   4,    5) (   4,    4) (   4,    3) (   4,    3) (   4,    5) (   4,    2) (   4,    2)
          (   4,    6) (   4,    2) (   4,    3) (   4,    5) (   4,    4) (   4,    6) (   4,    5) (   4,    4) (   4,    4) (   4,    3)
          (   4,    3) (   4,    4) (   4,    2) (   4,    3) (   4,    3) (   4,    3) (   4,    3) (   4,    1) (   4,    5) (   4,    6)
          (   4,    2) (   4,    4) (   4,    2) (   4,    3) (   4,    3) (   4,    3) (   4,    2) (   4,    2) (   4,    6) (   4,    6)
          (   4,    8) (   4,    4) (   4,    6) (   4,    3) (   4,    4) (   4,    2) (   4,    2) (   4,    4) (   4,    6) (   4,    3)
          (   4,    3) (   4,    2) (   4,    3) (   4,    5) (   4,    4) (   4,    1) (   4,    6) (   4,    4) (   4,    6) (   4,    7)
          (   4,    3) (   4,    2) (   4,    6) (   4,    4) (   4,    3) (   4,    6) (   4,    5) (   4,    3) (   4,    5) (   4,    2)
          (   4,    4) (   4,    3) (   4,    6) (   4,    1) (   4,    6) (   4,    5) (   4,    7) (   4,    1) (   4,    9) (   4,    9)
          (   4,    3) (   4,    6) (   4,    4) (   4,    4) (   4,    5) (   4,    5) (   4,    3) (   4,    2) (   4,    6) (   4,    2)
          (   4,    5) (   4,    2) (   4,    6) (   4,    3) (   4,    5) (   4,    9) (   4,    5) (   4,    6) (   4,    5) (   4,    3)
          (   4,    4) (   4,    5) (   4,    3) (   4,    2) (   4,    6) (   4,    2) (   4,    7) (   4,    7) (   4,    3) (   4,    3)
          (   4,    5) (   4,    4) (   4,    4) (   4,    5) (   4,    4) (   4,    2) (   4,    1) (   4,    4) (   4,    5) (   4,    8)
          (   4,    2) (   4,    6) (   4,    3) (   4,    2) (   4,    3) (   4,    2) (   4,    4) (   4,    2) (   4,    4) (   4,    4)
          (   4,    5) (   4,    4) (   4,    5) (   4,    4) (   4,    2) (   4,    7) (   4,    7) (   4,    5) (   4,    4) (   4,    7)
          (   4,    4) (   4,    7) (   4,    4) (   4,    6) (   4,    1) (   4,    3) (   4,    1) (   4,    3) (   4,    4) (   4,    4)
          (   4,    7) (   4,    2) (   4,    5) (   4,    3) (   4,    3) (   4,    5) (   4,    7) (   4,    2) (   4,    2) (   4,    7)
          (   4,    8) (   4,    4) (   4,    8) (   4,    3) (   4,    7) (   4,    5) (   4,    3) (   4,    6) (   4,    2) (   4,    2)
          (   4,    7) (   4,    3) (   4,    3) (   4,    5) (   4,    2) (   4,    4) (   4,    2) (   4,    4) (   4,    3) (   4,    4)
          (   4,    4) (   4,    2) (   4,    2) (   4,    5) (   4,    4) (   4,    3) (   4,    6) (   4,    3) (   4,    4) (   4,    5)
          (   4,    3) (   4,    4) (   4,    1) (   4,    3) (   4,    7) (   4,    3) (   4,    2) (   4,    8) (   4,    6) (   4,    1)
          (   4,    5) (   4,    3) (   4,    3) (   4,    4) (   4,    3) (   4,    4) (   4,    6) (   4,    3) (   4,    7) (   4,    0)
          (   4,    4) (   4,    3) (   4,    5) (   4,    3) (   4,    5) (   4,    5) (   4,    5) (   4,    1) (   4,    7) (   4,    6)
          (   4,    4) (   4,    4) (   4,    5) (   4,    4) (   4,    6) (   4,    2) (   4,    4) (   4,    7) (   4,    3) (   4,    4)
          (   4,    1) (   4,    2) (   4,    5) (   4,    4) (   4,    4) (   4,    3) (   4,    6) (   4,    8) (   4,    4) (   4,    7)
          (   4,    8) (   4,    5) (   4,    5) (   4,    0) (   4,    2) (   4,    2) (   4,    5) (   4,    4) (   4,    4) (   4,    4)
          (   4,    7) (   4,    4) (   4,    4) (   4,    2) (   4,    6) (   4,    5) (   4,    5) (   4,    2) (   4,    4) (   4,    7)
          (   4,    4) (   4,    0) (   4,    2) (   4,    5) (   4,    4) (   4,    7) (   4,   10) (   4,    2) (   4,    5) (   4,    3)
          (   4,    5) (   4,    7) (   4,    2) (   4,    7) (   4,    6) (   4,    3) (   4,    4) (   4,    2) (   4,    5) (   4,    2)
          (   4,    3) (   4,    6) (   4,    3) (   4,    2) (   4,    5) (   4,    2) (   4,    4) (   4,    6) (   4,    3) (   4,    2)
          (   4,    3) (   4,    3) (   4,    6) (   4,    4) (   4,    4) (   4,    3) (   4,    4) (   4,    3) (   4,    6) (   4,    2)
          (   4,    6) (   4,    7) (   4,    5) (   4,    5) (   4,    4) (   4,    6) (   4,    3) (   4,    3) (   4,    4) (   4,    4)
          (   4,    7) (   4,    7) (   4,    2) (   4,    3) (   4,    7) (   4,    2) (   4,    4) (   4,    3) (   4,    7) (   4,    1)
          (   4,    2) (   4,    5) (   4,    5) (   4,    3) (   4,    3) (   4,    2) (   4,    4) (   4,    4) (   4,    3) (   4,    2)
          (   4,    3) (   4,    5) (   4,    6) (   4,    8) (   4,    1) (   4,    3) (   4,    3) (   4,    4) (   4,    5) (   4,    6)
          (   4,    3) (   4,    5) (   4,    3) (   4,    4) (   4,    2) (   4,    1) (   4,    1) (   4,    4) (   4,    4) (   4,    4)
          (   4,    4) (   4,    3) (   4,    4) (   4,    0) (   4,    4) (   4,    4) (   4,    5) (   4,    3) (   4,    4) (   4,    3)
          (   4,    5) (   4,    2) (   4,    5) (   4,    3) (   4,    6) (   4,    7) (   4,    0) (   4,    8) (   4,    3) (   4,    3)
          (   4,    6) (   4,    2) (   4,    1) (   4,    3) (   4,    4) (   4,    5) (   4,    4) (   4,    6) (   4,    5) (   4,    2)
          (   4,    2) (   4,    2) (   4,    3) (   4,    2) (   4,    5) (   4,    4) (   4,    6) (   4,    4) (   4,    5) (   4,    1)
          (   4,    4) (   4,    2) (   4,    2) (   4,    8) (   4,    6) (   4,    1) (   4,    3) (   4,    6) (   4,    6) (   4,    2)
          (   4,    4) (   4,    4) (   4,    3) (   4,    8) (   4,    3) (   4,    5) (   4,    7) (   4,    5) (   4,    8) (   4,    5)
         
node   6 sent_total   2785  recv_total   2817

node   7  (   0,    0) (   1,    0) (   0,    0) (   4,    2) (   4,    1) (   4,    4) (   4,    6) (   4,    6) (   4,    6) (   4,    3)
          (   4,    2) (   4,    3) (   4,    3) (   4,    3) (   4,    3) (   4,    3) (   4,    3) (   4,    9) (   4,    5) (   4,    4)
          (   4,    3) (   4,    4) (   4,    3) (   4,    3) (   4,    2) (   4,    3) (   4,    5) (   4,    3) (   4,    3) (   4,    5)
          (   4,    7) (   4,    4) (   4,    3) (   4,    6) (   4,    3) (   4,    3) (   4,    3) (   4,    9) (   4,    6) (   4,    3)
          (   4,    2) (   4,    3) (   4,    4) (   4,    0) (   4,    7) (   4,    0) (   4,    8) (   4,    5) (   4,    2) (   4,    1)
          (   4,    4) (   4,    3) (   4,    7) (   4,    4) (   4,    6) (   4,    5) (   4,    2) (   4,    4) (   4,    1) (   4,    4)
          (   4,    3) (   4,    5) (   4,    3) (   4,    4) (   4,    4) (   4,    2) (   4,    3) (   4,    3) (   4,    5) (   4,    3)
          (   4,    3) (   4,    6) (   4,    5) (   4,    6) (   4,    5) (   4,    5) (   4,    1) (   4,    5) (   4,    3) (   4,    3)
          (   4,    7) (   4,    3) (   4,    4) (   4,    6) (   4,    1) (   4,    5) (   4,    3) (   4,    5) (   4,    5) (   4,    3)
          (   4,    7) (   4,    1) (   4,    4) (   4,    6) (   4,    5) (   4,    4) (   4,    4) (   4,    3) (   4,    8) (   4,    5)
          (   4,    2) (   4,    5) (   4,    5) (   4,    6) (   4,    6) (   4,    3) (   4,    4) (   4,    0) (   4,    4) (   4,    9)
          (   4,    3) (   4,    4) (   4,    9) (   4,    5) (   4,    8) (   4,    7) (   4,    5) (   4,    3) (   4,    4) (   4,    6)
          (   4,    5) (   4,    3) (   4,    5) (   4,    4) (   4,    4) (   4,    6) (   4,    3) (   4,    4) (   4,    2) (   4,    4)
          (   4,    6) (   4,    1) (   4,    5) (   4,    1) (   4,    2) (   4,    4) (   4,    3) (   4,    3) (   4,    0) (   4,    4)
          (   4,    3) (   4,    3) (   4,    4) (   4,    3) (   4,    3) (   4,    5) (   4,    5) (   4,    8) (   4,    3) (   4,    2)
          (   4,    8) (   4,    4) (   4,    1) (   4,    2) (   4,    5) (   4,    4) (   4,    2) (   4,    2) (   4,    8) (   4,    3)
          (   4,    2) (   4,    3) (   4,    1) (   4,    6) (   4,    4) (   4,    3) (   4,    9) (   4,    9) (   4,    4) (   4,    5)
          (   4,    1) (   4,    3) (   4,    6) (   4,    5) (   4,    6) (   4,    3) (   4,    0) (   4,    4) (   4,    7) (   4,    6)
          (   4,    2) (   4,    4) (   4,    3) (   4,    9) (   4,    4) (   4,    9) (   4,    2) (   4,    4) (   4,    4) (   4,    6)
          (   4,    3) (   4,    6) (   4,    3) (   4,    3) (   4,    3) (   4,    3) (   4,    4) (   4,    6) (   4,    7) (   4,    7)
          (   4,    3) (   4,    5) (   4,    4) (   4,    6) (   4,    2) (   4,    3) (   4,    4) (   4,    1) (   4,    6) (   4,    2)
          (   4,    3) (   4,    4) (   4,   11) (   4,    1) (   4,    2) (   4,    4) (   4,    6) (   4,    5) (   4,    6) (   4,    1)
          (   4,    6) (   4,    7) (   4,    3) (   4,    5) (   4,    2) (   4,    4) (   4,    5) (   4,    1) (   4,    7) (   4,    3)
          (   4,    7) (   4,    5) (   4,    2) (   4,    5) (   4,    1) (   4,    4) (   4,    1) (   4,    5) (   4,    7) (   4,    3)
          (   4,    7) (   4,    4) (   4,    4) (   4,    4) (   4,    4) (   4,    4) (   4,    3) (   4,    3) (   4,    5) (   4,    6)
          (   4,    5) (   4,    3) (   4,    2) (   4,    2) (   4,    2) (   4,    3) (   4,    2) (   4,    5) (   4,    5) (   4,    3)
          (   4,    6) (   4,    4) (   4,    5) (   4,    5) (   4,    4) (   4,    4) (   4,    4) (   4,    3) (   4,    2) (   4,    3)
          (   4,    3) (   4,    3) (   4,    5) (   4,    6) (   4,    2) (   4,    5) (   4,    7) (   4,    3) (   4,    2) (   4,    4)
          (   4,    4) (   4,    3) (   4,    7) (   4,    2) (   4,    7) (   4,    3) (   4,    2) (   4,    4) (   4,    7) (   4,    4)
          (   4,    1) (   4,    4) (   4,    4) (   4,    4) (   4,    6) (   4,    6) (   4,    5) (   4,    3) (   4,    4) (   4,    7)
          (   4,    4) (   4,    7) (   4,    4) (   4,    6) (   4,    4) (   4,    5) (   4,    7) (   4,    5) (   4,    4) (   4,    6)
          (   4,    2) (   4,    2) (   4,    2) (   4,    6) (   4,    2) (   4,    5) (   4,    4) (   4,    6) (   4,    3) (   4,    2)
          (   4,    6) (   4,    3) (   4,    9) (   4,    7) (   4,    5) (   4,    3) (   4,    0) (   4,    1) (   4,    6) (   4,    3)
          (   4,    2) (   4,    3) (   4,    2) (   4,    2) (   4,    5) (   4,    3) (   4,    5) (   4,    7) (   4,    3) (   4,    2)
          (   4,    6) (   4,    4) (   4,    4) (   4,    9) (   4,    2) (   4,    2) (   4,    7) (   4,    7) (   4,    5) (   4,    3)
          (   4,    2) (   4,    0) (   4,    2) (   4,    4) (   4,    6) (   4,    5) (   4,    3) (   4,    5) (   4,    2) (   4,    1)
          (   4,    5) (   4,    6) (   4,    3) (   4,    4) (   4,    6) (   4,    5) (   4,    5) (   4,    7) (   4,    4) (   4,    4)
          (   4,    3) (   4,    2) (   4,    3) (   4,    4) (   4,    5) (   4,    1) (   4,    4) (   4,    0) (   4,    1) (   4,    3)
          (   4,    9) (   4,    8) (   4,    4) (   4,    2) (   4,    1) (   4,    2) (   4,    2) (   4,    3) (   4,    5) (   4,    6)
          (   4,    4) (   4,    4) (   4,    4) (   4,    4) (   4,    3) (   4,    2) (   4,    2) (   4,    6) (   4,    4) (   4,    5)
          (   4,    5) (   4,    0) (   4,    6) (   4,    1) (   4,    6) (   4,    1) (   4,    0) (   4,    4) (   4,    7) (   4,    4)
          (   4,    4) (   4,    7) (   4,    4) (   4,    1) (   4,    7) (   4,    3) (   4,    5) (   4,    5) (   4,    3) (   4,    1)
          (   4,    5) (   4,    6) (   4,    3) (   4,    7) (   4,    4) (   4,    2) (   4,    6) (   4,    5) (   4,    3) (   4,    3)
          (   4,    3) (   4,    4) (   4,    6) (   4,    5) (   4,    6) (   4,    5) (   4,    5) (   4,    3) (   4,    4) (   4,    1)
          (   4,    3) (   4,    4) (   4,    3) (   4,    5) (   4,    7) (   4,    1) (   4,    3) (   4,    1) (   4,    2) (   4,    3)
          (   4,    0) (   4,    5) (   4,    2) (   4,    6) (   4,    3) (   4,    4) (   4,    7) (   4,    5) (   4,    3) (   4,    9)
          (   4,    6) (   4,    6) (   4,    2) (   4,    5) (   4,    6) (   4,    6) (   4,    3) (   4,    3) (   4,    7) (   4,    3)
          (   4,    4) (   4,    5) (   4,    8) (   4,    4) (   4,    4) (   4,    7) (   4,    5) (   4,    2) (   4,    4) (   4,    5)
          (   4,    2) (   4,    3) (   4,    6) (   4,    5) (   4,    2) (   4,    8) (   4,    3) (   4,    4) (   4,    6) (   4,    6)
          (   4,    3) (   4,    5) (   4,    4) (   4,    3) (   4,    3) (   4,    4) (   4,    6) (   4,    4) (   4,    1) (   4,    4)
          (   4,    4) (   4,    2) (   4,    5) (   4,    4) (   4,    0) (   4,    3) (   4,    3) (   4,    2) (   4,    4) (   4,    2)
          (   4,    6) (   4,    5) (   4,    1) (   4,    5) (   4,    3) (   4,    5) (   4,    5) (   4,    3) (   4,    2) (   4,    4)
          (   4,    6) (   4,    1) (   4,    3) (   4,    1) (   4,    5) (   4,    1) (   4,    3) (   4,    3) (   4,    4) (   4,    1)
          (   4,    3) (   4,    1) (   4,    2) (   4,    6) (   4,    5) (   4,    4) (   4,    3) (   4,    4) (   4,    5) (   4,    3)
          (   4,    6) (   4,    1) (   4,    6) (   4,    3) (   4,    5) (   4,    7) (   4,    3) (   4,    1) (   4,    6) (   4,    1)
          (   4,    3) (   4,    6) (   4,    2) (   4,    6) (   4,    6) (   4,    4) (   4,    2) (   4,    5) (   4,    6) (   4,    6)
          (   4,    3) (   4,    2) (   4,    4) (   4,    6) (   4,    2) (   4,    6) (   4,    1) (   4,    4) (   4,    2) (   4,    4)
          (   4,    3) (   4,    2) (   4,    7) (   4,    4) (   4,    2) (   4,    8) (   4,    4) (   4,    3) (   4,    5) (   4,    1)
          (   4,    4) (   4,    6) (   4,    7) (   4,    3) (   4,    9) (   4,    2) (   4,    4) (   4,    6) (   4,    2) (   4,    5)
          (   4,    3) (   4,    1) (   4,    0) (   4,    3) (   4,    1) (   4,    3) (   4,    2) (   4,    2) (   4,    3) (   4,    3)
          (   4,    2) (   4,    4) (   4,    5) (   4,    5) (   4,    5) (   4,    4) (   4,    7) (   4,    5) (   4,    4) (   4,    5)
          (   4,    3) (   4,    1) (   4,    2) (   4,    4) (   4,    3) (   4,    1) (   4,    1) (   4,    2) (   4,    4) (   4,    2)
          (   4,    5) (   4,    3) (   4,    2) (   4,    4) (   4,    4) (   4,    5) (   4,    3) (   4,    2) (   4,    4) (   4,    2)
          (   4,    4) (   4,    5) (   4,    3) (   4,    3) (   4,    3) (   4,    1) (   4,    3) (   4,    3) (   4,    2) (   4,    8)
          (   4,    3) (   4,    5) (   4,    5) (   4,    4) (   4,    6) (   4,    7) (   4,    7) (   4,    4) (   4,    8) (   4,    3)
          (   4,    1) (   4,    2) (   4,    7) (   4,    3) (   4,    3) (   4,    9) (   4,    3) (   4,    6) (   4,    6) (   4,    5)
          (   4,    2) (   4,    5) (   4,    3) (   4,    4) (   4,    3) (   4,    6) (   4,    2) (   4,    4) (   4,    3) (   4,    4)
          (   4,    2) (   4,    4) (   4,    4) (   4,    4) (   4,    3) (   4,    5) (   4,    1) (   4,    4) (   4,    4) (   4,    6)
          (   4,    4) (   4,    3) (   4,    3) (   4,    3) (   4,    6) (   4,    3) (   4,    7) (   4,    5) (   4,    4) (   4,    3)
          (   4,    4) (   4,    5) (   4,    6) (   4,    3) (   4,    4) (   4,    6) (   4,    6) (   4,    4) (   4,    4) (   4,    3)
         
node   7 sent_total   2789  recv_total   2777

node   8  (   0,    0) (   1,    0) (   0,    0) (   4,    2) (   4,    2) (   4,    4) (   4,    4) (   4,    4) (   4,    2) (   4,    9)
          (   4,    5) (   4,    3) (   4,   10) (   4,    5) (   4,    6) (   4,    6) (   4,    4) (   4,    5) (   4,    3) (   4,    3)
          (   4,    3) (   4,    6) (   4,    2) (   4,    2) (   4,    6) (   4,    3) (   4,    3) (   4,    3) (   4,    3) (   4,    5)
          (   4,    2) (   4,    3) (   4,    3) (   4,    6) (   4,    7) (   4,    5) (   4,    4) (   4,    5) (   4,    2) (   4,    7)
          (   4,    3) (   4,    1) (   4,    5) (   4,    7) (   4,    1) (   4,   11) (   4,    6) (   4,    5) (   4,    4) (   4,    4)
          (   4,    3) (   4,    2) (   4,   10) (   4,    5) (   4,    5) (   4,    3) (   4,    1) (   4,    4) (   4,    2) (   4,    3)
          (   4,    6) (   4,    3) (   4,    5) (   4,    4) (   4,    2) (   4,    4) (   4,    3) (   4,    6) (   4,    3) (   4,    3)
          (   4,    3) (   4,    7) (   4,    6) (   4,    4) (   4,    2) (   4,    8) (   4,    3) (   4,    1) (   4,    5) (   4,    1)
          (   4,    6) (   4,    2) (   4,    6) (   4,    3) (   4,    7) (   4,    5) (   4,    3) (   4,    3) (   4,    3) (   4,    6)
          (   4,    4) (   4,    3) (   4,    7) (   4,    3) (   4,    2) (   4,    2) (   4,    2) (   4,    5) (   4,    4) (   4,    3)
          (   4,    5) (   0,    0) (   0,    0) (   0,    0) (   0,    0) (   0,    0) (   0,    0) (   0,    0) (   0,    0) (   0,    0)
          (   0,    0) (   0,    0) (   0,    0) (   0,    0) (   0,    0) (   0,    0) (   0,    0) (   0,    0) (   0,    0) (   0,    0)
          (   0,    0) (   0,    0) (   0,    0) (   0,    0) (   0,    0) (   0,    0) (   0,    0) (   0,    0) (   0,    0) (   0,    0)
          (   0,    0) (   0,    0) (   0,    0) (   0,    0) (   0,    0) (   0,    0) (   0,    0) (   0,    0) (   0,    0) (   0,    0)
          (   0,    0) (   0,    0) (   0,    0) (   0,    0) (   0,    0) (   0,    0) (   0,    0) (   0,    0) (   0,    0) (   0,    0)
          (   0,    0) (   0,    0) (   0,    0) (   0,    0) (   0,    0) (   0,    0) (   0,    0) (   0,    0) (   0,    0) (   0,    0)
          (   0,    0) (   0,    0) (   0,    0) (   0,    0) (   0,    0) (   0,    0) (   0,    0) (   0,    0) (   0,    0) (   0,    0)
          (   0,    0) (   0,    0) (   0,    0) (   0,    0) (   0,    0) (   0,    0) (   0,    0) (   0,    0) (   0,    0) (   0,    0)
          (   0,    0) (   0,    0) (   0,    0) (   0,    0) (   0,    0) (   0,    0) (   0,    0) (   0,    0) (   0,    0) (   0,    0)
          (   0,    0) (   0,    0) (   0,    0) (   0,    0) (   0,    0) (   0,    0) (   0,    0) (   0,    0) (   0,    0) (   0,    0)
          (   0,    0) (   0,    0) (   0,    0) (   0,    0) (   0,    0) (   0,    0) (   0,    0) (   0,    0) (   0,    0) (   0,    0)
          (   0,    0) (   0,    0) (   0,    0) (   0,    0) (   0,    0) (   0,    0) (   0,    0) (   0,    0) (   0,    0) (   0,    0)
          (   0,    0) (   0,    0) (   0,    0) (   0,    0) (   0,    0) (   0,    0) (   0,    0) (   0,    0) (   0,    0) (   0,    0)
          (   0,    0) (   0,    0) (   0,    0) (   0,    0) (   0,    0) (   0,    0) (   0,    0) (   0,    0) (   0,    0) (   0,    0)
          (   0,    0) (   0,    0) (   0,    0) (   0,    0) (   0,    0) (   0,    0) (   0,    0) (   0,    0) (   0,    0) (   0,    0)
          (   0,    0) (   0,    0) (   0,    0) (   0,    0) (   0,    0) (   0,    0) (   0,    0) (   0,    0) (   0,    0) (   0,    0)
          (   0,    0) (   0,    0) (   0,    0) (   0,    0) (   0,    0) (   0,    0) (   0,    0) (   0,    0) (   0,    0) (   0,    0)
          (   0,    0) (   0,    0) (   0,    0) (   0,    0) (   0,    0) (   0,    0) (   0,    0) (   0,    0) (   0,    0) (   0,    0)
          (   0,    0) (   0,    0) (   0,    0) (   0,    0) (   0,    0) (   0,    0) (   0,    0) (   0,    0) (   0,    0) (   0,    0)
          (   0,    0) (   0,    0) (   0,    0) (   0,    0) (   0,    0) (   0,    0) (   0,    0) (   0,    0) (   0,    0) (   0,    0)
          (   0,    0) (   0,    0) (   0,    0) (   0,    0) (   0,    0) (   0,    0) (   0,    0) (   0,    0) (   0,    0) (   0,    0)
          (   0,    0) (   0,    0) (   0,    0) (   0,    0) (   0,    0) (   0,    0) (   0,    0) (   0,    0) (   0,    0) (   0,    0)
          (   0,    0) (   0,    0) (   0,    0) (   0,    0) (   0,    0) (   0,    0) (   0,    0) (   0,    0) (   0,    0) (   0,    0)
          (   0,    0) (   0,    0) (   0,    0) (   0,    0) (   0,    0) (   0,    0) (   0,    0) (   0,    0) (   0,    0) (   0,    0)
          (   0,    0) (   0,    0) (   0,    0) (   0,    0) (   0,    0) (   0,    0) (   0,    0) (   0,    0) (   0,    0) (   0,    0)
          (   0,    0) (   0,    0) (   0,    0) (   0,    0) (   0,    0) (   0,    0) (   0,    0) (   0,    0) (   0,    0) (   0,    0)
          (   0,    0) (   0,    0) (   0,    0) (   0,    0) (   0,    0) (   0,    0) (   0,    0) (   0,    0) (   0,    0) (   0,    0)
          (   0,    0) (   0,    0) (   0,    0) (   0,    0) (   0,    0) (   0,    0) (   0,    0) (   0,    0) (   0,    0) (   0,    0)
          (   0,    0) (   0,    0) (   0,    0) (   0,    0) (   0,    0) (   0,    0) (   0,    0) (   0,    0) (   0,    0) (   0,    0)
          (   0,    0) (   0,    0) (   0,    0) (   0,    0) (   0,    0) (   0,    0) (   0,    0) (   0,    0) (   0,    0) (   0,    0)
          (   0,    0) (   0,    0) (   0,    0) (   0,    0) (   0,    0) (   0,    0) (   0,    0) (   0,    0) (   0,    0) (   0,    0)
          (   0,    0) (   0,    0) (   0,    0) (   0,    0) (   0,    0) (   0,    0) (   0,    0) (   0,    0) (   0,    0) (   0,    0)
          (   0,    0) (   0,    0) (   0,    0) (   0,    0) (   0,    0) (   0,    0) (   0,    0) (   0,    0) (   0,    0) (   0,    0)
          (   0,    0) (   0,    0) (   0,    0) (   0,    0) (   0,    0) (   0,    0) (   0,    0) (   0,    0) (   0,    0) (   0,    0)
          (   0,    0) (   0,    0) (   0,    0) (   0,    0) (   0,    0) (   0,    0) (   0,    0) (   0,    0) (   0,    0) (   0,    0)
          (   0,    0) (   0,    0) (   0,    0) (   0,    0) (   0,    0) (   0,    0) (   0,    0) (   0,    0) (   0,    0) (   0,    0)
          (   0,    0) (   0,    0) (   0,    0) (   0,    0) (   0,    0) (   0,    0) (   0,    0) (   0,    0) (   0,    0) (   0,    0)
          (   0,    0) (   0,    0) (   0,    0) (   0,    0) (   0,    0) (   0,    0) (   0,    0) (   0,    0) (   0,    0) (   0,    0)
          (   0,    0) (   0,    0) (   0,    0) (   0,    0) (   0,    0) (   0,    0) (   0,    0) (   0,    0) (   0,    0) (   0,    0)
          (   0,    0) (   0,    0) (   0,    0) (   0,    0) (   0,    0) (   0,    0) (   0,    0) (   0,    0) (   0,    0) (   0,    0)
          (   0,    0) (   0,    0) (   0,    0) (   0,    0) (   0,    0) (   0,    0) (   0,    0) (   0,    0) (   0,    0) (   0,    0)
          (   0,    0) (   0,    0) (   0,    0) (   0,    0) (   0,    0) (   0,    0) (   0,    0) (   0,    0) (   0,    0) (   0,    0)
          (   0,    0) (   0,    0) (   0,    0) (   0,    0) (   0,    0) (   0,    0) (   0,    0) (   0,    0) (   0,    0) (   0,    0)
          (   0,    0) (   0,    0) (   0,    0) (   0,    0) (   0,    0) (   0,    0) (   0,    0) (   0,    0) (   0,    0) (   0,    0)
          (   0,    0) (   0,    0) (   0,    0) (   0,    0) (   0,    0) (   0,    0) (   0,    0) (   0,    0) (   0,    0) (   0,    0)
          (   0,    0) (   0,    0) (   0,    0) (   0,    0) (   0,    0) (   0,    0) (   0,    0) (   0,    0) (   0,    0) (   0,    0)
          (   0,    0) (   0,    0) (   0,    0) (   0,    0) (   0,    0) (   0,    0) (   0,    0) (   0,    0) (   0,    0) (   0,    0)
          (   0,    0) (   0,    0) (   0,    0) (   0,    0) (   0,    0) (   0,    0) (   0,    0) (   0,    0) (   0,    0) (   0,    0)
          (   0,    0) (   0,    0) (   0,    0) (   0,    0) (   0,    0) (   0,    0) (   0,    0) (   0,    0) (   0,    0) (   0,    0)
          (   0,    0) (   0,    0) (   0,    0) (   0,    0) (   0,    0) (   0,    0) (   0,    0) (   0,    0) (   0,    0) (   0,    0)
          (   0,    0) (   0,    0) (   0,    0) (   0,    0) (   0,    0) (   0,    0) (   0,    0) (   0,    0) (   0,    0) (   0,    0)
          (   0,    0) (   0,    0) (   0,    0) (   0,    0) (   0,    0) (   0,    0) (   0,    0) (   0,    0) (   0,    0) (   0,    0)
          (   0,    0) (   0,    0) (   0,    0) (   0,    0) (   0,    0) (   0,    0) (   0,    0) (   0,    0) (   0,    0) (   0,    0)
          (   0,    0) (   0,    0) (   0,    0) (   0,    0) (   0,    0) (   0,    0) (   0,    0) (   0,    0) (   0,    0) (   0,    0)
          (   0,    0) (   0,    0) (   0,    0) (   0,    0) (   0,    0) (   0,    0) (   0,    0) (   0,    0) (   0,    0) (   0,    0)
          (   0,    0) (   0,    0) (   0,    0) (   0,    0) (   0,    0) (   0,    0) (   0,    0) (   0,    0) (   0,    0) (   0,    0)
          (   0,    0) (   0,    0) (   0,    0) (   0,    0) (   0,    0) (   0,    0) (   0,    0) (   0,    0) (   0,    0) (   0,    0)
          (   0,    0) (   0,    0) (   0,    0) (   0,    0) (   0,    0) (   0,    0) (   0,    0) (   0,    0) (   0,    0) (   0,    0)
          (   0,    0) (   0,    0) (   0,    0) (   0,    0) (   0,    0) (   0,    0) (   0,    0) (   0,    0) (   0,    0) (   0,    0)
          (   0,    0) (   0,    0) (   0,    0) (   0,    0) (   0,    0) (   0,    0) (   0,    0) (   0,    0) (   0,    0) (   0,    0)
         
node   8 sent_total    393  recv_total    405

node   9  (   0,    0) (   0,    0) (   1,    0) (   0,    0) (   4,    2) (   4,    2) (   4,    5) (   4,    5) (   4,    4) (   4,    4)
          (   4,    5) (   4,    6) (   4,    2) (   4,    5) (   4,    6) (   4,    5) (   4,    3) (   4,    2) (   4,    6) (   4,    3)
          (   4,    4) (   4,    3) (   4,    7) (   4,    2) (   4,    6) (   4,   12) (   4,    2) (   4,    5) (   4,    5) (   4,    5)
          (   4,    1) (   4,    3) (   4,    2) (   4,    2) (   4,    6) (   4,    5) (   4,    4) (   4,    2) (   4,    3) (   4,    2)
          (   4,    6) (   4,    6) (   4,    2) (   4,    4) (   4,    3) (   4,    4) (   4,    4) (   4,    2) (   4,    5) (   4,    1)
          (   4,    4) (   4,    6) (   4,    5) (   4,    1) (   4,    2) (   4,    3) (   4,    4) (   4,    3) (   4,    5) (   4,    3)
          (   4,    6) (   4,    5) (   4,    3) (   4,    3) (   4,    7) (   4,    3) (   4,    9) (   4,    7) (   4,    3) (   4,    5)
          (   4,    5) (   4,    6) (   4,    2) (   4,    4) (   4,    5) (   4,    7) (   4,    4) (   4,    8) (   4,    5) (   4,    4)
          (   4,    5) (   4,    2) (   4,    4) (   4,    5) (   4,    4) (   4,    6) (   4,    4) (   4,    2) (   4,    6) (   4,    4)
          (   4,    2) (   4,    0) (   4,    2) (   4,    3) (   4,    3) (   4,    2) (   4,    9) (   4,    3) (   4,    3) (   4,    7)
          (   4,    8) (   4,    6) (   4,    5) (   4,    5) (   4,    1) (   4,    2) (   4,    2) (   4,    3) (   4,    5) (   4,    4)
          (   4,    2) (   4,    3) (   4,    1) (   4,    2) (   4,    3) (   4,    2) (   4,    4) (   4,    3) (   4,    0) (   4,    4)
          (   4,    1) (   4,    3) (   4,    3) (   4,    5) (   4,    7) (   4,    3) (   4,    3) (   4,    4) (   4,    4) (   4,    2)
          (   4,    4) (   4,    5) (   4,    1) (   4,    4) (   4,    5) (   4,    6) (   4,    5) (   4,    2) (   4,    4) (   4,    1)
          (   4,    3) (   4,    3) (   4,    5) (   4,    5) (   4,    4) (   4,    3) (   4,    6) (   4,    4) (   4,    6) (   4,    5)
          (   4,    4) (   4,    4) (   4,    2) (   4,    8) (   4,    6) (   4,    6) (   4,    5) (   4,    3) (   4,    2) (   4,    5)
          (   4,    3) (   4,    6) (   4,    5) (   4,    3) (   4,    6) (   4,    6) (   4,    4) (   4,    2) (   4,    2) (   4,    2)
          (   4,    7) (   4,    5) (   4,    7) (   4,    5) (   4,    4) (   4,    6) (   4,    7) (   4,    4) (   4,    4) (   4,    4)
          (   4,    4) (   4,    7) (   4,    5) (   4,    5) (   4,    4) (   4,    2) (   4,    2) (   4,    5) (   4,    2) (   4,    4)
          (   4,    6) (   4,    4) (   4,    5) (   4,    3) (   4,    1) (   4,    4) (   4,    6) (   4,    3) (   4,    4) (   4,    2)
          (   4,    4) (   4,    2) (   4,    5) (   4,    6) (   4,    3) (   4,    5) (   4,    1) (   4,    3) (   4,    4) (   4,    3)
          (   4,   10) (   4,    5) (   4,    4) (   4,    6) (   4,    7) (   4,    3) (   4,    1) (   4,    1) (   4,    7) (   4,    8)
          (   4,    4) (   4,    7) (   4,    4) (   4,    3) (   4,    5) (   4,    6) (   4,    3) (   4,    3) (   4,    5) (   4,    3)
          (   4,    2) (   4,    1) (   4,    5) (   4,    3) (   4,    5) (   4,    3) (   4,    5) (   4,    2) (   4,    2) (   4,    4)
          (   4,    7) (   4,    5) (   4,    2) (   4,    5) (   4,    3) (   4,    3) (   4,    3) (   4,    6) (   4,    3) (   4,    2)
          (   4,    3) (   4,    2) (   4,    2) (   4,    5) (   4,    7) (   4,    2) (   4,    4) (   4,    4) (   4,    6) (   4,    2)
          (   4,    3) (   4,    4) (   4,    3) (   4,    5) (   4,    3) (   4,    1) (   4,    2) (   4,    6) (   4,    5) (   4,    5)
          (   4,    2) (   4,    4) (   4,    4) (   4,   10) (   4,    3) (   4,    3) (   4,    4) (   4,    5) (   4,    5) (   4,    1)
          (   4,    5) (   4,    5) (   4,    4) (   4,    4) (   4,    4) (   4,    3) (   4,    2) (   4,    0) (   4,    9) (   4,    9)
          (   4,    6) (   4,    3) (   4,    2) (   4,    3) (   4,    4) (   4,    4) (   4,    3) (   4,    4) (   4,    6) (   4,    4)
          (   4,    5) (   4,    5) (   4,    5) (   4,    3) (   4,    9) (   4,    3) (   4,    5) (   4,    4) (   4,    6) (   4,    6)
          (   4,    3) (   4,    6) (   4,    7) (   4,    4) (   4,    5) (   4,    5) (   4,    5) (   4,    6) (   4,    2) (   4,    6)
          (   4,    1) (   4,    5) (   4,    4) (   4,    4) (   4,    4) (   4,    7) (   4,    7) (   4,    2) (   4,    3) (   4,    4)
          (   4,    3) (   4,    2) (   4,    4) (   4,    2) (   4,    4) (   4,    3) (   4,    2) (   4,    5) (   4,    2) (   4,    8)
          (   4,    3) (   4,    3) (   4,    6) (   4,    5) (   4,    7) (   4,    4) (   4,    3) (   4,    4) (   4,    4) (   4,    2)
          (   4,    4) (   4,    5) (   4,    4) (   4,    3) (   4,    5) (   4,    3) (   4,    4) (   4,    2) (   4,    4) (   4,    4)
          (   4,    6) (   4,    3) (   4,    6) (   4,    6) (   4,    4) (   4,    3) (   4,    3) (   4,    7) (   4,    3) (   4,    2)
          (   4,    7) (   4,    6) (   4,    5) (   4,    4) (   4,    3) (   4,    5) (   4,    4) (   4,    8) (   4,    5) (   4,    3)
          (   4,    6) (   4,    4) (   4,    3) (   4,    1) (   4,    4) (   4,    6) (   4,    8) (   4,    1) (   4,    2) (   4,    2)
          (   4,    1) (   4,    5) (   4,    3) (   4,    5) (   4,    3) (   4,    7) (   4,    5) (   4,    3) (   4,    5) (   4,    1)
          (   4,    1) (   4,    6) (   4,    7) (   4,    3) (   4,    4) (   4,    4) (   4,    4) (   4,    3) (   4,    4) (   4,    2)
          (   4,    2) (   4,    1) (   4,    3) (   4,    2) (   4,    4) (   4,    5) (   4,    4) (   4,    4) (   4,    3) (   4,    5)
          (   4,    3) (   4,    3) (   4,    2) (   4,    2) (   4,    5) (   4,    5) (   4,    7) (   4,    3) (   4,    7) (   4,    4)
          (   4,    4) (   4,    4) (   4,    5) (   4,    3) (   4,    8) (   4,    4) (   4,    5) (   4,    2) (   4,    2) (   4,    4)
          (   4,    1) (   4,    6) (   4,    3) (   4,    2) (   4,    4) (   4,    5) (   4,    6) (   4,    2) (   4,    6) (   4,    7)
          (   4,    5) (   4,    1) (   4,    4) (   4,    4) (   4,    5) (   4,    3) (   4,    4) (   4,    5) (   4,    4) (   4,    3)
          (   4,    6) (   4,    4) (   4,    7) (   4,    3) (   4,    2) (   4,    4) (   4,    8) (   4,    2) (   4,    4) (   4,    7)
          (   4,    4) (   4,    6) (   4,    4) (   4,    5) (   4,    1) (   4,    7) (   4,    1) (   4,    5) (   4,    1) (   4,    4)
          (   4,    3) (   4,    4) (   4,    2) (   4,    4) (   4,    3) (   4,    2) (   4,    7) (   4,    3) (   4,    2) (   4,    1)
          (   4,    2) (   4,    4) (   4,    2) (   4,    4) (   4,    5) (   4,    5) (   4,    3) (   4,    3) (   4,    2) (   4,    5)
          (   4,    3) (   4,    4) (   4,    1) (   4,    6) (   4,    4) (   4,    8) (   4,    7) (   4,    4) (   4,    4) (   4,    1)
          (   4,    6) (   4,    5) (   4,    3) (   4,    7) (   4,    4) (   4,    4) (   4,    5) (   4,    3) (   4,    4) (   4,    8)
          (   4,    5) (   4,    7) (   4,    4) (   4,    7) (   4,    7) (   4,    6) (   4,    5) (   4,    5) (   4,    6) (   4,    6)
          (   4,    3) (   4,    3) (   4,    5) (   4,    7) (   4,    5) (   4,    7) (   4,    5) (   4,    4) (   4,    4) (   4,    3)
          (   4,    4) (   4,    2) (   4,    1) (   4,    3) (   4,    5) (   4,    4) (   4,    6) (   4,    9) (   4,    4) (   4,    4)
          (   4,    3) (   4,    4) (   4,    9) (   4,    4) (   4,    1) (   4,    3) (   4,    7) (   4,    7) (   4,    4) (   4,    3)
          (   4,    6) (   4,    4) (   4,    5) (   4,    4) (   4,    2) (   4,    3) (   4,    4) (   4,    2) (   4,    4) (   4,    5)
          (   4,    4) (   4,    5) (   4,    3) (   4,    5) (   4,    4) (   4,    4) (   4,    3) (   4,    3) (   4,    4) (   4,    4)
          (   4,    5) (   4,    7) (   4,    5) (   4,    5) (   4,    3) (   4,    5) (   4,    3) (   4,    6) (   4,    5) (   4,    4)
          (   4,    2) (   4,    3) (   4,    5) (   4,    5) (   4,    5) (   4,    2) (   4,    6) (   4,    3) (   4,    2) (   4,    6)
          (   4,    3) (   4,    5) (   4,    3) (   4,    3) (   4,    5) (   4,    5) (   4,    4) (   4,    9) (   4,    5) (   4,    6)
          (   4,    7) (   4,    9) (   4,    4) (   4,    5) (   4,    3) (   4,    5) (   4,    4) (   4,    8) (   4,    5) (   4,    4)
          (   4,    3) (   4,    7) (   4,    4) (   4,    4) (   4,    4) (   4,    5) (   4,    4) (   4,    6) (   4,    3) (   4,    5)
          (   4,    4) (   4,    5) (   4,    3) (   4,    4) (   4,    4) (   4,    2) (   4,    3) (   4,    4) (   4,    6) (   4,    4)
          (   4,    3) (   4,    1) (   4,    4) (   4,    3) (   4,    2) (   4,    6) (   4,    7) (   4,    9) (   4,    3) (   4,    3)
          (   4,    3) (   4,    6) (   4,    6) (   4,    4) (   4,    2) (   4,    2) (   4,    5) (   4,    1) (   4,    2) (   4,    3)
          (   4,    5) (   4,    5) (   4,    5) (   4,    3) (   4,    5) (   4,    3) (   4,    8) (   4,    1) (   4,    3) (   4,    7)
          (   4,    4) (   4,    4) (   4,    6) (   4,    5) (   4,    5) (   4,    3) (   4,    1) (   4,    1) (   4,    3) (   4,    6)
          (   4,    4) (   4,    5) (   4,    4) (   4,    3) (   4,    3) (   4,    5) (   4,    2) (   4,    4) (   4,    2) (   4,    7)
          (   4,    2) (   4,    5) (   4,    8) (   4,    3) (   4,    5) (   4,    3) (   4,    5) (   4,    2) (   4,    1) (   4,    3)
         
node   9 sent_total   2785  recv_total   2867

node  10  (   0,    0) (   0,    0) (   1,    0) (   0,    0) (   0,    1) (   4,    2) (   4,    6) (   4,    3) (   4,    6) (   4,    1)
          (   4,    6) (   4,    3) (   4,    5) (   4,    1) (   4,    3) (   4,    2) (   4,    8) (   4,    0) (   4,    4) (   4,    4)
          (   4,    7) (   4,    5) (   4,    6) (   4,    2) (   4,    5) (   4,    4) (   4,    6) (   4,    5) (   4,    3) (   4,    6)
          (   4,    5) (   4,    4) (   4,    7) (   4,    7) (   4,    5) (   4,    6) (   4,    4) (   4,    3) (   4,    4) (   4,    7)
          (   4,    3) (   4,    6) (   4,    2) (   4,    7) (   4,    5) (   4,    3) (   4,    2) (   4,    4) (   4,    3) (   4,    6)
          (   4,    4) (   4,    4) (   4,    3) (   4,    0) (   4,    4) (   4,    9) (   4,    4) (   4,    2) (   4,    4) (   4,    1)
          (   4,    2) (   4,    5) (   4,    5) (   4,    5) (   4,    6) (   4,    2) (   4,    2) (   4,    3) (   4,    5) (   4,    6)
          (   4,    4) (   4,    6) (   4,    4) (   4,    4) (   4,    3) (   4,    6) (   4,    7) (   4,    3) (   4,    2) (   4,    8)
          (   4,    4) (   4,    5) (   4,    5) (   4,    9) (   4,    3) (   4,    6) (   4,    4) (   4,    4) (   4,    4) (   4,    3)
          (   4,    0) (   4,    2) (   4,    7) (   4,    2) (   4,    5) (   4,    7) (   4,    0) (   4,    3) (   4,    1) (   4,    2)
          (   4,    3) (   4,    5) (   4,    2) (   4,    2) (   4,    6) (   4,    4) (   4,    4) (   4,    1) (   4,    3) (   4,    3)
          (   4,    6) (   4,    3) (   4,    5) (   4,    5) (   4,    3) (   4,    5) (   4,    4) (   4,    7) (   4,    4) (   4,    4)
          (   4,    3) (   4,    2) (   4,    7) (   4,    3) (   4,    3) (   4,    4) (   4,    4) (   4,    6) (   4,    3) (   4,    4)
          (   4,    6) (   4,    4) (   4,    4) (   4,    7) (   4,    2) (   4,    4) (   4,    7) (   4,    6) (   4,    5) (   4,    4)
          (   4,    5) (   4,    5) (   4,    4) (   4,    2) (   4,    3) (   4,    3) (   4,    4) (   4,    3) (   4,    1) (   4,    3)
          (   4,    6) (   4,    4) (   4,    7) (   4,    4) (   4,    4) (   4,    7) (   4,    3) (   4,    2) (   4,    5) (   4,    5)
          (   4,    5) (   4,    4) (   4,    5) (   4,    6) (   4,    2) (   4,    4) (   4,    2) (   4,    5) (   4,    6) (   4,    6)
          (   4,    5) (   4,    3) (   4,    2) (   4,    5) (   4,    4) (   4,    4) (   4,    5) (   4,    4) (   4,    4) (   4,    5)
          (   4,    7) (   4,    2) (   4,    4) (   4,    2) (   4,    2) (   4,    2) (   4,    5) (   4,    4) (   4,    4) (   4,    4)
          (   4,    4) (   4,    4) (   4,    7) (   4,    6) (   4,    7) (   4,    5) (   4,    5) (   4,    3) (   4,    1) (   4,    5)
          (   4,    2) (   4,    1) (   4,    4) (   4,    5) (   4,    5) (   4,    4) (   4,    3) (   4,    4) (   4,    5) (   4,    2)
          (   4,    4) (   4,    2) (   4,    1) (   4,    3) (   4,    4) (   4,    6) (   4,    3) (   4,    3) (   4,    6) (   4,    4)
          (   4,    1) (   4,    0) (   4,    1) (   4,    4) (   4,    5) (   4,    4) (   4,    5) (   4,    5) (   4,    4) (   4,    3)
          (   4,    1) (   4,    6) (   4,    1) (   4,    5) (   4,    3) (   4,    3) (   4,    3) (   4,    3) (   4,    2) (   4,    3)
          (   4,    1) (   4,    7) (   4,    6) (   4,    1) (   4,    5) (   4,    8) (   4,    6) (   4,    4) (   4,    4) (   4,    5)
          (   4,    1) (   4,    6) (   4,    3) (   4,    5) (   4,    3) (   4,    3) (   4,    4) (   4,    5) (   4,    8) (   4,    9)
          (   4,    4) (   4,    2) (   4,    0) (   4,    4) (   4,    5) (   4,    3) (   4,    5) (   4,    7) (   4,    5) (   4,    6)
          (   4,    7) (   4,    4) (   4,    6) (   4,    2) (   4,    5) (   4,    4) (   4,    5) (   4,    3) (   4,    5) (   4,    4)
          (   4,    7) (   4,    6) (   4,    4) (   4,    3) (   4,    7) (   4,    3) (   4,    2) (   4,    3) (   4,    4) (   4,    3)
          (   4,    3) (   4,    2) (   4,    6) (   4,    4) (   4,    3) (   4,    7) (   4,    8) (   4,    7) (   4,    1) (   4,    2)
          (   4,    4) (   4,    8) (   4,    6) (   4,    2) (   4,    5) (   4,    3) (   4,    8) (   4,    3) (   4,    4) (   4,    4)
          (   4,    3) (   4,    6) (   4,    2) (   4,    5) (   4,    7) (   4,    5) (   4,    1) (   4,    6) (   4,    5) (   4,    4)
          (   4,    8) (   4,    3) (   4,    1) (   4,    0) (   4,    5) (   4,    3) (   4,    3) (   4,    3) (   4,    6) (   4,    7)
          (   4,    2) (   4,    5) (   4,    5) (   4,    3) (   4,    3) (   4,    5) (   4,    3) (   4,    4) (   4,    1) (   4,    4)
          (   4,    5) (   4,    3) (   4,    4) (   4,    1) (   4,    2) (   4,    3) (   4,    3) (   4,    2) (   4,    3) (   4,    4)
          (   4,    3) (   4,    3) (   4,    3) (   4,    6) (   4,    5) (   4,    3) (   4,    5) (   4,    2) (   4,    3) (   4,    6)
          (   4,    3) (   4,    8) (   4,    3) (   4,   10) (   4,    2) (   4,    2) (   4,    4) (   4,    2) (   4,    4) (   4,    2)
          (   4,    3) (   4,    6) (   4,    5) (   4,    8) (   4,    6) (   4,    6) (   4,    5) (   4,    3) (   4,    3) (   4,    3)
          (   4,    2) (   4,    3) (   4,    2) (   4,    3) (   4,    8) (   4,    2) (   4,    4) (   4,    6) (   4,    6) (   4,    8)
          (   4,    5) (   4,    2) (   4,    5) (   4,    4) (   4,    2) (   4,    3) (   4,    1) (   4,    2) (   4,    3) (   4,    4)
          (   4,    6) (   4,    8) (   4,    2) (   4,    7) (   4,    7) (   4,    8) (   4,    6) (   4,    2) (   4,    3) (   4,    3)
          (   4,    6) (   4,    5) (   4,    4) (   4,    3) (   4,    4) (   4,    2) (   4,    2) (   4,    7) (   4,    5) (   4,    4)
          (   4,    4) (   4,    2) (   4,    2) (   4,    9) (   4,    3) (   4,    2) (   4,    2) (   4,    2) (   4,    7) (   4,    3)
          (   4,    2) (   4,    1) (   4,    0) (   4,    2) (   4,    6) (   4,    2) (   4,    9) (   4,    6) (   4,    8) (   4,    5)
          (   4,    3) (   4,    3) (   4,    4) (   4,    7) (   4,    1) (   4,    5) (   4,    4) (   4,    4) (   4,    4) (   4,    5)
          (   4,    2) (   4,    6) (   4,    5) (   4,    1) (   4,    4) (   4,    6) (   4,    4) (   4,    1) (   4,    5) (   4,    4)
          (   4,    1) (   4,    8) (   4,    2) (   4,    5) (   4,    3) (   4,    4) (   4,    1) (   4,    5) (   4,    4) (   4,    3)
          (   4,    3) (   4,    2) (   4,    1) (   4,    2) (   4,    5) (   4,    4) (   4,    6) (   4,    4) (   4,    6) (   4,    4)
          (   4,    4) (   4,    6) (   4,    7) (   4,    3) (   4,    5) (   4,    4) (   4,    1) (   4,    1) (   4,    2) (   4,    6)
          (   4,    8) (   4,    3) (   4,    8) (   4,    5) (   4,    5) (   4,    2) (   4,    3) (   4,    3) (   4,    4) (   4,    5)
          (   4,    5) (   4,    7) (   4,    8) (   4,    4) (   4,    3) (   4,    8) (   4,    3) (   4,    3) (   4,    4) (   4,    6)
          (   4,    3) (   4,    3) (   4,    8) (   4,    6) (   4,    2) (   4,    3) (   4,    3) (   4,    2) (   4,    5) (   4,    3)
          (   4,    5) (   4,    6) (   4,    2) (   4,    3) (   4,    6) (   4,    4) (   4,    3) (   4,    7) (   4,    3) (   4,    3)
          (   4,    1) (   4,    3) (   4,    6) (   4,    4) (   4,    4) (   4,    3) (   4,    6) (   4,    4) (   4,    5) (   4,    5)
          (   4,    1) (   4,    6) (   4,    2) (   4,    8) (   4,    2) (   4,    4) (   4,    4) (   4,    5) (   4,    3) (   4,    1)
          (   4,    5) (   4,    1) (   4,    2) (   4,    3) (   4,    9) (   4,    3) (   4,    2) (   4,    6) (   4,    4) (   4,    4)
          (   4,    3) (   4,    4) (   4,    2) (   4,    5) (   4,    3) (   4,    3) (   4,    3) (   4,    4) (   4,    2) (   4,    3)
          (   4,    2) (   4,    9) (   4,    4) (   4,    2) (   4,    5) (   4,    3) (   4,    2) (   4,    6) (   4,    2) (   4,    3)
          (   4,    4) (   4,    2) (   4,    2) (   4,    2) (   4,    3) (   4,    4) (   4,    6) (   4,    2) (   4,    6) (   4,    4)
          (   4,    4) (   4,    7) (   4,    5) (   4,    4) (   4,    2) (   4,    3) (   4,    5) (   4,    6) (   4,    6) (   4,    3)
          (   4,    5) (   4,    3) (   4,    6) (   4,    6) (   4,    3) (   4,    4) (   4,    5) (   4,    3) (   4,    2) (   4,    1)
          (   4,    5) (   4,    4) (   4,    3) (   4,    4) (   4,    5) (   4,    5) (   4,    3) (   4,    1) (   4,    4) (   4,    4)
          (   4,    2) (   4,    2) (   4,    7) (   4,    4) (   4,    3) (   4,    5) (   4,    2) (   4,    5) (   4,    2) (   4,    3)
          (   4,    7) (   4,    4) (   4,    5) (   4,    4) (   4,    4) (   4,    7) (   4,    4) (   4,    2) (   4,    3) (   4,    1)
          (   4,    3) (   4,    5) (   4,    4) (   4,    5) (   4,    3) (   4,    3) (   4,    5) (   4,    5) (   4,    3) (   4,    1)
          (   4,    9) (   4,    6) (   4,    7) (   4,    4) (   4,    5) (   4,    4) (   4,    6) (   4,    6) (   4,    4) (   4,    4)
          (   4,    2) (   4,    3) (   4,    1) (   4,    9) (   4,    5) (   4,    1) (   4,    4) (   4,    7) (   4,    4) (   4,    2)
          (   4,    6) (   4,    4) (   4,    5) (   4,    3) (   4,    3) (   4,    3) (   4,    6) (   4,    6) (   4,    5) (   4,    3)
          (   4,    6) (   4,    6) (   4,    2) (   4,    2) (   4,    4) (   4,    5) (   4,    4) (   4,    4) (   4,    7) (   4,    7)
          (   4,    4) (   4,    5) (   4,    4) (   4,    3) (   4,    2) (   4,    2) (   4,    1) (   4,    4) (   4,    5) (   4,    5)
         
node  10 sent_total   2781  recv_total   2819

